[2024-03-19T18:20:51.807+0000] {processor.py:161} INFO - Started process (PID=85448) to work on /opt/airflow/dags/scripts/test.py
[2024-03-19T18:20:51.927+0000] {processor.py:830} INFO - Processing file /opt/airflow/dags/scripts/test.py for tasks to queue
[2024-03-19T18:20:51.967+0000] {logging_mixin.py:188} INFO - [2024-03-19T18:20:51.955+0000] {dagbag.py:540} INFO - Filling up the DagBag from /opt/airflow/dags/scripts/test.py
[2024-03-19T18:21:00.724+0000] {logging_mixin.py:188} INFO - [2024-03-19T18:21:00.706+0000] {baseoperator.py:129} WARNING - Implicitly converting 'retries' from False to int
[2024-03-19T18:21:00.787+0000] {logging_mixin.py:188} INFO - [2024-03-19T18:21:00.786+0000] {baseoperator.py:129} WARNING - Implicitly converting 'retries' from False to int
[2024-03-19T18:21:00.819+0000] {processor.py:840} INFO - DAG(s) 'data_pipeline2' retrieved from /opt/airflow/dags/scripts/test.py
[2024-03-19T18:21:01.708+0000] {logging_mixin.py:188} INFO - [2024-03-19T18:21:01.703+0000] {dag.py:3047} INFO - Sync 1 DAGs
[2024-03-19T18:21:01.901+0000] {logging_mixin.py:188} INFO - [2024-03-19T18:21:01.901+0000] {dag.py:3834} INFO - Setting next_dagrun for data_pipeline2 to 2024-03-19 00:00:00+00:00, run_after=2024-03-20 00:00:00+00:00
[2024-03-19T18:21:02.204+0000] {processor.py:183} INFO - Processing /opt/airflow/dags/scripts/test.py took 10.707 seconds
[2024-03-19T18:21:32.660+0000] {processor.py:161} INFO - Started process (PID=85750) to work on /opt/airflow/dags/scripts/test.py
[2024-03-19T18:21:32.661+0000] {processor.py:830} INFO - Processing file /opt/airflow/dags/scripts/test.py for tasks to queue
[2024-03-19T18:21:32.664+0000] {logging_mixin.py:188} INFO - [2024-03-19T18:21:32.664+0000] {dagbag.py:540} INFO - Filling up the DagBag from /opt/airflow/dags/scripts/test.py
[2024-03-19T18:21:33.999+0000] {logging_mixin.py:188} INFO - [2024-03-19T18:21:33.997+0000] {baseoperator.py:129} WARNING - Implicitly converting 'retries' from False to int
[2024-03-19T18:21:34.003+0000] {logging_mixin.py:188} INFO - [2024-03-19T18:21:34.002+0000] {baseoperator.py:129} WARNING - Implicitly converting 'retries' from False to int
[2024-03-19T18:21:34.008+0000] {processor.py:840} INFO - DAG(s) 'data_pipeline2' retrieved from /opt/airflow/dags/scripts/test.py
[2024-03-19T18:21:34.060+0000] {logging_mixin.py:188} INFO - [2024-03-19T18:21:34.060+0000] {dag.py:3047} INFO - Sync 1 DAGs
[2024-03-19T18:21:34.100+0000] {logging_mixin.py:188} INFO - [2024-03-19T18:21:34.100+0000] {dag.py:3834} INFO - Setting next_dagrun for data_pipeline2 to 2024-03-19 00:00:00+00:00, run_after=2024-03-20 00:00:00+00:00
[2024-03-19T18:21:34.147+0000] {processor.py:183} INFO - Processing /opt/airflow/dags/scripts/test.py took 1.491 seconds
[2024-03-19T18:22:04.297+0000] {processor.py:161} INFO - Started process (PID=86009) to work on /opt/airflow/dags/scripts/test.py
[2024-03-19T18:22:04.301+0000] {processor.py:830} INFO - Processing file /opt/airflow/dags/scripts/test.py for tasks to queue
[2024-03-19T18:22:04.304+0000] {logging_mixin.py:188} INFO - [2024-03-19T18:22:04.303+0000] {dagbag.py:540} INFO - Filling up the DagBag from /opt/airflow/dags/scripts/test.py
[2024-03-19T18:22:05.733+0000] {logging_mixin.py:188} INFO - [2024-03-19T18:22:05.732+0000] {baseoperator.py:129} WARNING - Implicitly converting 'retries' from False to int
[2024-03-19T18:22:05.736+0000] {logging_mixin.py:188} INFO - [2024-03-19T18:22:05.735+0000] {baseoperator.py:129} WARNING - Implicitly converting 'retries' from False to int
[2024-03-19T18:22:05.739+0000] {processor.py:840} INFO - DAG(s) 'data_pipeline2' retrieved from /opt/airflow/dags/scripts/test.py
[2024-03-19T18:22:05.757+0000] {logging_mixin.py:188} INFO - [2024-03-19T18:22:05.757+0000] {dag.py:3047} INFO - Sync 1 DAGs
[2024-03-19T18:22:05.777+0000] {logging_mixin.py:188} INFO - [2024-03-19T18:22:05.776+0000] {dag.py:3834} INFO - Setting next_dagrun for data_pipeline2 to 2024-03-19 00:00:00+00:00, run_after=2024-03-20 00:00:00+00:00
[2024-03-19T18:22:05.789+0000] {processor.py:183} INFO - Processing /opt/airflow/dags/scripts/test.py took 1.498 seconds
[2024-03-19T18:22:36.339+0000] {processor.py:161} INFO - Started process (PID=86283) to work on /opt/airflow/dags/scripts/test.py
[2024-03-19T18:22:36.341+0000] {processor.py:830} INFO - Processing file /opt/airflow/dags/scripts/test.py for tasks to queue
[2024-03-19T18:22:36.343+0000] {logging_mixin.py:188} INFO - [2024-03-19T18:22:36.343+0000] {dagbag.py:540} INFO - Filling up the DagBag from /opt/airflow/dags/scripts/test.py
[2024-03-19T18:22:37.497+0000] {logging_mixin.py:188} INFO - [2024-03-19T18:22:37.496+0000] {baseoperator.py:129} WARNING - Implicitly converting 'retries' from False to int
[2024-03-19T18:22:37.502+0000] {logging_mixin.py:188} INFO - [2024-03-19T18:22:37.501+0000] {baseoperator.py:129} WARNING - Implicitly converting 'retries' from False to int
[2024-03-19T18:22:37.505+0000] {processor.py:840} INFO - DAG(s) 'data_pipeline2' retrieved from /opt/airflow/dags/scripts/test.py
[2024-03-19T18:22:37.603+0000] {logging_mixin.py:188} INFO - [2024-03-19T18:22:37.603+0000] {dag.py:3047} INFO - Sync 1 DAGs
[2024-03-19T18:22:37.621+0000] {logging_mixin.py:188} INFO - [2024-03-19T18:22:37.620+0000] {dag.py:3834} INFO - Setting next_dagrun for data_pipeline2 to 2024-03-19 00:00:00+00:00, run_after=2024-03-20 00:00:00+00:00
[2024-03-19T18:22:37.639+0000] {processor.py:183} INFO - Processing /opt/airflow/dags/scripts/test.py took 1.305 seconds
[2024-03-19T18:23:08.319+0000] {processor.py:161} INFO - Started process (PID=86546) to work on /opt/airflow/dags/scripts/test.py
[2024-03-19T18:23:08.325+0000] {processor.py:830} INFO - Processing file /opt/airflow/dags/scripts/test.py for tasks to queue
[2024-03-19T18:23:08.335+0000] {logging_mixin.py:188} INFO - [2024-03-19T18:23:08.334+0000] {dagbag.py:540} INFO - Filling up the DagBag from /opt/airflow/dags/scripts/test.py
[2024-03-19T18:23:09.541+0000] {logging_mixin.py:188} INFO - [2024-03-19T18:23:09.540+0000] {baseoperator.py:129} WARNING - Implicitly converting 'retries' from False to int
[2024-03-19T18:23:09.544+0000] {logging_mixin.py:188} INFO - [2024-03-19T18:23:09.544+0000] {baseoperator.py:129} WARNING - Implicitly converting 'retries' from False to int
[2024-03-19T18:23:09.552+0000] {processor.py:840} INFO - DAG(s) 'data_pipeline2' retrieved from /opt/airflow/dags/scripts/test.py
[2024-03-19T18:23:09.577+0000] {logging_mixin.py:188} INFO - [2024-03-19T18:23:09.576+0000] {dag.py:3047} INFO - Sync 1 DAGs
[2024-03-19T18:23:09.595+0000] {logging_mixin.py:188} INFO - [2024-03-19T18:23:09.595+0000] {dag.py:3834} INFO - Setting next_dagrun for data_pipeline2 to 2024-03-19 00:00:00+00:00, run_after=2024-03-20 00:00:00+00:00
[2024-03-19T18:23:09.608+0000] {processor.py:183} INFO - Processing /opt/airflow/dags/scripts/test.py took 1.294 seconds
[2024-03-19T18:23:39.974+0000] {processor.py:161} INFO - Started process (PID=86825) to work on /opt/airflow/dags/scripts/test.py
[2024-03-19T18:23:39.977+0000] {processor.py:830} INFO - Processing file /opt/airflow/dags/scripts/test.py for tasks to queue
[2024-03-19T18:23:39.980+0000] {logging_mixin.py:188} INFO - [2024-03-19T18:23:39.979+0000] {dagbag.py:540} INFO - Filling up the DagBag from /opt/airflow/dags/scripts/test.py
[2024-03-19T18:23:41.508+0000] {logging_mixin.py:188} INFO - [2024-03-19T18:23:41.507+0000] {baseoperator.py:129} WARNING - Implicitly converting 'retries' from False to int
[2024-03-19T18:23:41.512+0000] {logging_mixin.py:188} INFO - [2024-03-19T18:23:41.512+0000] {baseoperator.py:129} WARNING - Implicitly converting 'retries' from False to int
[2024-03-19T18:23:41.519+0000] {processor.py:840} INFO - DAG(s) 'data_pipeline2' retrieved from /opt/airflow/dags/scripts/test.py
[2024-03-19T18:23:41.543+0000] {logging_mixin.py:188} INFO - [2024-03-19T18:23:41.543+0000] {dag.py:3047} INFO - Sync 1 DAGs
[2024-03-19T18:23:41.562+0000] {logging_mixin.py:188} INFO - [2024-03-19T18:23:41.561+0000] {dag.py:3834} INFO - Setting next_dagrun for data_pipeline2 to 2024-03-19 00:00:00+00:00, run_after=2024-03-20 00:00:00+00:00
[2024-03-19T18:23:41.576+0000] {processor.py:183} INFO - Processing /opt/airflow/dags/scripts/test.py took 1.607 seconds
[2024-03-19T18:24:11.763+0000] {processor.py:161} INFO - Started process (PID=87110) to work on /opt/airflow/dags/scripts/test.py
[2024-03-19T18:24:11.766+0000] {processor.py:830} INFO - Processing file /opt/airflow/dags/scripts/test.py for tasks to queue
[2024-03-19T18:24:11.768+0000] {logging_mixin.py:188} INFO - [2024-03-19T18:24:11.768+0000] {dagbag.py:540} INFO - Filling up the DagBag from /opt/airflow/dags/scripts/test.py
[2024-03-19T18:24:12.789+0000] {logging_mixin.py:188} INFO - [2024-03-19T18:24:12.789+0000] {baseoperator.py:129} WARNING - Implicitly converting 'retries' from False to int
[2024-03-19T18:24:12.792+0000] {logging_mixin.py:188} INFO - [2024-03-19T18:24:12.792+0000] {baseoperator.py:129} WARNING - Implicitly converting 'retries' from False to int
[2024-03-19T18:24:12.794+0000] {processor.py:840} INFO - DAG(s) 'data_pipeline2' retrieved from /opt/airflow/dags/scripts/test.py
[2024-03-19T18:24:12.881+0000] {logging_mixin.py:188} INFO - [2024-03-19T18:24:12.881+0000] {dag.py:3047} INFO - Sync 1 DAGs
[2024-03-19T18:24:12.900+0000] {logging_mixin.py:188} INFO - [2024-03-19T18:24:12.900+0000] {dag.py:3834} INFO - Setting next_dagrun for data_pipeline2 to 2024-03-19 00:00:00+00:00, run_after=2024-03-20 00:00:00+00:00
[2024-03-19T18:24:12.915+0000] {processor.py:183} INFO - Processing /opt/airflow/dags/scripts/test.py took 1.155 seconds
[2024-03-19T18:24:43.401+0000] {processor.py:161} INFO - Started process (PID=87369) to work on /opt/airflow/dags/scripts/test.py
[2024-03-19T18:24:43.405+0000] {processor.py:830} INFO - Processing file /opt/airflow/dags/scripts/test.py for tasks to queue
[2024-03-19T18:24:43.409+0000] {logging_mixin.py:188} INFO - [2024-03-19T18:24:43.408+0000] {dagbag.py:540} INFO - Filling up the DagBag from /opt/airflow/dags/scripts/test.py
[2024-03-19T18:24:44.697+0000] {logging_mixin.py:188} INFO - [2024-03-19T18:24:44.696+0000] {baseoperator.py:129} WARNING - Implicitly converting 'retries' from False to int
[2024-03-19T18:24:44.701+0000] {logging_mixin.py:188} INFO - [2024-03-19T18:24:44.701+0000] {baseoperator.py:129} WARNING - Implicitly converting 'retries' from False to int
[2024-03-19T18:24:44.708+0000] {processor.py:840} INFO - DAG(s) 'data_pipeline2' retrieved from /opt/airflow/dags/scripts/test.py
[2024-03-19T18:24:44.766+0000] {logging_mixin.py:188} INFO - [2024-03-19T18:24:44.764+0000] {dag.py:3047} INFO - Sync 1 DAGs
[2024-03-19T18:24:44.810+0000] {logging_mixin.py:188} INFO - [2024-03-19T18:24:44.809+0000] {dag.py:3834} INFO - Setting next_dagrun for data_pipeline2 to 2024-03-19 00:00:00+00:00, run_after=2024-03-20 00:00:00+00:00
[2024-03-19T18:24:44.861+0000] {processor.py:183} INFO - Processing /opt/airflow/dags/scripts/test.py took 1.468 seconds
[2024-03-19T18:25:15.172+0000] {processor.py:161} INFO - Started process (PID=87648) to work on /opt/airflow/dags/scripts/test.py
[2024-03-19T18:25:15.176+0000] {processor.py:830} INFO - Processing file /opt/airflow/dags/scripts/test.py for tasks to queue
[2024-03-19T18:25:15.180+0000] {logging_mixin.py:188} INFO - [2024-03-19T18:25:15.179+0000] {dagbag.py:540} INFO - Filling up the DagBag from /opt/airflow/dags/scripts/test.py
[2024-03-19T18:25:16.494+0000] {logging_mixin.py:188} INFO - [2024-03-19T18:25:16.493+0000] {baseoperator.py:129} WARNING - Implicitly converting 'retries' from False to int
[2024-03-19T18:25:16.497+0000] {logging_mixin.py:188} INFO - [2024-03-19T18:25:16.497+0000] {baseoperator.py:129} WARNING - Implicitly converting 'retries' from False to int
[2024-03-19T18:25:16.500+0000] {processor.py:840} INFO - DAG(s) 'data_pipeline2' retrieved from /opt/airflow/dags/scripts/test.py
[2024-03-19T18:25:16.528+0000] {logging_mixin.py:188} INFO - [2024-03-19T18:25:16.527+0000] {dag.py:3047} INFO - Sync 1 DAGs
[2024-03-19T18:25:16.556+0000] {logging_mixin.py:188} INFO - [2024-03-19T18:25:16.556+0000] {dag.py:3834} INFO - Setting next_dagrun for data_pipeline2 to 2024-03-19 00:00:00+00:00, run_after=2024-03-20 00:00:00+00:00
[2024-03-19T18:25:16.583+0000] {processor.py:183} INFO - Processing /opt/airflow/dags/scripts/test.py took 1.426 seconds
[2024-03-19T18:25:47.220+0000] {processor.py:161} INFO - Started process (PID=87912) to work on /opt/airflow/dags/scripts/test.py
[2024-03-19T18:25:47.222+0000] {processor.py:830} INFO - Processing file /opt/airflow/dags/scripts/test.py for tasks to queue
[2024-03-19T18:25:47.225+0000] {logging_mixin.py:188} INFO - [2024-03-19T18:25:47.224+0000] {dagbag.py:540} INFO - Filling up the DagBag from /opt/airflow/dags/scripts/test.py
[2024-03-19T18:25:48.601+0000] {logging_mixin.py:188} INFO - [2024-03-19T18:25:48.600+0000] {baseoperator.py:129} WARNING - Implicitly converting 'retries' from False to int
[2024-03-19T18:25:48.609+0000] {logging_mixin.py:188} INFO - [2024-03-19T18:25:48.609+0000] {baseoperator.py:129} WARNING - Implicitly converting 'retries' from False to int
[2024-03-19T18:25:48.612+0000] {processor.py:840} INFO - DAG(s) 'data_pipeline2' retrieved from /opt/airflow/dags/scripts/test.py
[2024-03-19T18:25:48.711+0000] {logging_mixin.py:188} INFO - [2024-03-19T18:25:48.711+0000] {dag.py:3047} INFO - Sync 1 DAGs
[2024-03-19T18:25:48.725+0000] {logging_mixin.py:188} INFO - [2024-03-19T18:25:48.725+0000] {dag.py:3834} INFO - Setting next_dagrun for data_pipeline2 to 2024-03-19 00:00:00+00:00, run_after=2024-03-20 00:00:00+00:00
[2024-03-19T18:25:48.739+0000] {processor.py:183} INFO - Processing /opt/airflow/dags/scripts/test.py took 1.525 seconds
[2024-03-19T18:26:19.511+0000] {processor.py:161} INFO - Started process (PID=88206) to work on /opt/airflow/dags/scripts/test.py
[2024-03-19T18:26:19.514+0000] {processor.py:830} INFO - Processing file /opt/airflow/dags/scripts/test.py for tasks to queue
[2024-03-19T18:26:19.515+0000] {logging_mixin.py:188} INFO - [2024-03-19T18:26:19.515+0000] {dagbag.py:540} INFO - Filling up the DagBag from /opt/airflow/dags/scripts/test.py
[2024-03-19T18:26:20.659+0000] {logging_mixin.py:188} INFO - [2024-03-19T18:26:20.657+0000] {baseoperator.py:129} WARNING - Implicitly converting 'retries' from False to int
[2024-03-19T18:26:20.662+0000] {logging_mixin.py:188} INFO - [2024-03-19T18:26:20.662+0000] {baseoperator.py:129} WARNING - Implicitly converting 'retries' from False to int
[2024-03-19T18:26:20.671+0000] {processor.py:840} INFO - DAG(s) 'data_pipeline2' retrieved from /opt/airflow/dags/scripts/test.py
[2024-03-19T18:26:20.695+0000] {logging_mixin.py:188} INFO - [2024-03-19T18:26:20.695+0000] {dag.py:3047} INFO - Sync 1 DAGs
[2024-03-19T18:26:20.709+0000] {logging_mixin.py:188} INFO - [2024-03-19T18:26:20.709+0000] {dag.py:3834} INFO - Setting next_dagrun for data_pipeline2 to 2024-03-19 00:00:00+00:00, run_after=2024-03-20 00:00:00+00:00
[2024-03-19T18:26:20.720+0000] {processor.py:183} INFO - Processing /opt/airflow/dags/scripts/test.py took 1.212 seconds
[2024-03-19T18:26:51.119+0000] {processor.py:161} INFO - Started process (PID=88465) to work on /opt/airflow/dags/scripts/test.py
[2024-03-19T18:26:51.127+0000] {processor.py:830} INFO - Processing file /opt/airflow/dags/scripts/test.py for tasks to queue
[2024-03-19T18:26:51.141+0000] {logging_mixin.py:188} INFO - [2024-03-19T18:26:51.139+0000] {dagbag.py:540} INFO - Filling up the DagBag from /opt/airflow/dags/scripts/test.py
[2024-03-19T18:26:53.340+0000] {logging_mixin.py:188} INFO - [2024-03-19T18:26:53.338+0000] {baseoperator.py:129} WARNING - Implicitly converting 'retries' from False to int
[2024-03-19T18:26:53.346+0000] {logging_mixin.py:188} INFO - [2024-03-19T18:26:53.346+0000] {baseoperator.py:129} WARNING - Implicitly converting 'retries' from False to int
[2024-03-19T18:26:53.360+0000] {processor.py:840} INFO - DAG(s) 'data_pipeline2' retrieved from /opt/airflow/dags/scripts/test.py
[2024-03-19T18:26:53.409+0000] {logging_mixin.py:188} INFO - [2024-03-19T18:26:53.409+0000] {dag.py:3047} INFO - Sync 1 DAGs
[2024-03-19T18:26:53.441+0000] {logging_mixin.py:188} INFO - [2024-03-19T18:26:53.441+0000] {dag.py:3834} INFO - Setting next_dagrun for data_pipeline2 to 2024-03-19 00:00:00+00:00, run_after=2024-03-20 00:00:00+00:00
[2024-03-19T18:26:53.462+0000] {processor.py:183} INFO - Processing /opt/airflow/dags/scripts/test.py took 2.359 seconds
[2024-03-19T18:27:23.996+0000] {processor.py:161} INFO - Started process (PID=88729) to work on /opt/airflow/dags/scripts/test.py
[2024-03-19T18:27:24.001+0000] {processor.py:830} INFO - Processing file /opt/airflow/dags/scripts/test.py for tasks to queue
[2024-03-19T18:27:24.006+0000] {logging_mixin.py:188} INFO - [2024-03-19T18:27:24.005+0000] {dagbag.py:540} INFO - Filling up the DagBag from /opt/airflow/dags/scripts/test.py
[2024-03-19T18:27:25.413+0000] {logging_mixin.py:188} INFO - [2024-03-19T18:27:25.413+0000] {baseoperator.py:129} WARNING - Implicitly converting 'retries' from False to int
[2024-03-19T18:27:25.415+0000] {logging_mixin.py:188} INFO - [2024-03-19T18:27:25.415+0000] {baseoperator.py:129} WARNING - Implicitly converting 'retries' from False to int
[2024-03-19T18:27:25.420+0000] {processor.py:840} INFO - DAG(s) 'data_pipeline2' retrieved from /opt/airflow/dags/scripts/test.py
[2024-03-19T18:27:25.446+0000] {logging_mixin.py:188} INFO - [2024-03-19T18:27:25.443+0000] {dag.py:3047} INFO - Sync 1 DAGs
[2024-03-19T18:27:25.477+0000] {logging_mixin.py:188} INFO - [2024-03-19T18:27:25.477+0000] {dag.py:3834} INFO - Setting next_dagrun for data_pipeline2 to 2024-03-19 00:00:00+00:00, run_after=2024-03-20 00:00:00+00:00
[2024-03-19T18:27:25.502+0000] {processor.py:183} INFO - Processing /opt/airflow/dags/scripts/test.py took 1.516 seconds
[2024-03-19T18:27:55.664+0000] {processor.py:161} INFO - Started process (PID=88998) to work on /opt/airflow/dags/scripts/test.py
[2024-03-19T18:27:55.666+0000] {processor.py:830} INFO - Processing file /opt/airflow/dags/scripts/test.py for tasks to queue
[2024-03-19T18:27:55.669+0000] {logging_mixin.py:188} INFO - [2024-03-19T18:27:55.669+0000] {dagbag.py:540} INFO - Filling up the DagBag from /opt/airflow/dags/scripts/test.py
[2024-03-19T18:27:57.881+0000] {logging_mixin.py:188} INFO - [2024-03-19T18:27:57.880+0000] {baseoperator.py:129} WARNING - Implicitly converting 'retries' from False to int
[2024-03-19T18:27:57.884+0000] {logging_mixin.py:188} INFO - [2024-03-19T18:27:57.884+0000] {baseoperator.py:129} WARNING - Implicitly converting 'retries' from False to int
[2024-03-19T18:27:57.888+0000] {processor.py:840} INFO - DAG(s) 'data_pipeline2' retrieved from /opt/airflow/dags/scripts/test.py
[2024-03-19T18:27:57.913+0000] {logging_mixin.py:188} INFO - [2024-03-19T18:27:57.912+0000] {dag.py:3047} INFO - Sync 1 DAGs
[2024-03-19T18:27:57.929+0000] {logging_mixin.py:188} INFO - [2024-03-19T18:27:57.929+0000] {dag.py:3834} INFO - Setting next_dagrun for data_pipeline2 to 2024-03-19 00:00:00+00:00, run_after=2024-03-20 00:00:00+00:00
[2024-03-19T18:27:57.945+0000] {processor.py:183} INFO - Processing /opt/airflow/dags/scripts/test.py took 2.285 seconds
[2024-03-19T18:28:28.957+0000] {processor.py:161} INFO - Started process (PID=89302) to work on /opt/airflow/dags/scripts/test.py
[2024-03-19T18:28:28.969+0000] {processor.py:830} INFO - Processing file /opt/airflow/dags/scripts/test.py for tasks to queue
[2024-03-19T18:28:28.979+0000] {logging_mixin.py:188} INFO - [2024-03-19T18:28:28.978+0000] {dagbag.py:540} INFO - Filling up the DagBag from /opt/airflow/dags/scripts/test.py
[2024-03-19T18:28:30.775+0000] {logging_mixin.py:188} INFO - [2024-03-19T18:28:30.772+0000] {baseoperator.py:129} WARNING - Implicitly converting 'retries' from False to int
[2024-03-19T18:28:30.779+0000] {logging_mixin.py:188} INFO - [2024-03-19T18:28:30.779+0000] {baseoperator.py:129} WARNING - Implicitly converting 'retries' from False to int
[2024-03-19T18:28:30.783+0000] {processor.py:840} INFO - DAG(s) 'data_pipeline2' retrieved from /opt/airflow/dags/scripts/test.py
[2024-03-19T18:28:30.812+0000] {logging_mixin.py:188} INFO - [2024-03-19T18:28:30.808+0000] {dag.py:3047} INFO - Sync 1 DAGs
[2024-03-19T18:28:30.830+0000] {logging_mixin.py:188} INFO - [2024-03-19T18:28:30.829+0000] {dag.py:3834} INFO - Setting next_dagrun for data_pipeline2 to 2024-03-19 00:00:00+00:00, run_after=2024-03-20 00:00:00+00:00
[2024-03-19T18:28:30.845+0000] {processor.py:183} INFO - Processing /opt/airflow/dags/scripts/test.py took 1.909 seconds
[2024-03-19T18:29:01.158+0000] {processor.py:161} INFO - Started process (PID=89565) to work on /opt/airflow/dags/scripts/test.py
[2024-03-19T18:29:01.173+0000] {processor.py:830} INFO - Processing file /opt/airflow/dags/scripts/test.py for tasks to queue
[2024-03-19T18:29:01.182+0000] {logging_mixin.py:188} INFO - [2024-03-19T18:29:01.180+0000] {dagbag.py:540} INFO - Filling up the DagBag from /opt/airflow/dags/scripts/test.py
[2024-03-19T18:29:03.351+0000] {logging_mixin.py:188} INFO - [2024-03-19T18:29:03.286+0000] {baseoperator.py:129} WARNING - Implicitly converting 'retries' from False to int
[2024-03-19T18:29:03.387+0000] {logging_mixin.py:188} INFO - [2024-03-19T18:29:03.383+0000] {baseoperator.py:129} WARNING - Implicitly converting 'retries' from False to int
[2024-03-19T18:29:03.457+0000] {processor.py:840} INFO - DAG(s) 'data_pipeline2' retrieved from /opt/airflow/dags/scripts/test.py
[2024-03-19T18:29:03.816+0000] {logging_mixin.py:188} INFO - [2024-03-19T18:29:03.812+0000] {dag.py:3047} INFO - Sync 1 DAGs
[2024-03-19T18:29:03.943+0000] {logging_mixin.py:188} INFO - [2024-03-19T18:29:03.942+0000] {dag.py:3834} INFO - Setting next_dagrun for data_pipeline2 to 2024-03-19 00:00:00+00:00, run_after=2024-03-20 00:00:00+00:00
[2024-03-19T18:29:03.994+0000] {processor.py:183} INFO - Processing /opt/airflow/dags/scripts/test.py took 2.864 seconds
[2024-03-19T18:29:34.712+0000] {processor.py:161} INFO - Started process (PID=89834) to work on /opt/airflow/dags/scripts/test.py
[2024-03-19T18:29:34.718+0000] {processor.py:830} INFO - Processing file /opt/airflow/dags/scripts/test.py for tasks to queue
[2024-03-19T18:29:34.728+0000] {logging_mixin.py:188} INFO - [2024-03-19T18:29:34.726+0000] {dagbag.py:540} INFO - Filling up the DagBag from /opt/airflow/dags/scripts/test.py
[2024-03-19T18:29:38.202+0000] {logging_mixin.py:188} INFO - [2024-03-19T18:29:38.196+0000] {baseoperator.py:129} WARNING - Implicitly converting 'retries' from False to int
[2024-03-19T18:29:38.220+0000] {logging_mixin.py:188} INFO - [2024-03-19T18:29:38.218+0000] {baseoperator.py:129} WARNING - Implicitly converting 'retries' from False to int
[2024-03-19T18:29:38.241+0000] {processor.py:840} INFO - DAG(s) 'data_pipeline2' retrieved from /opt/airflow/dags/scripts/test.py
[2024-03-19T18:29:38.438+0000] {logging_mixin.py:188} INFO - [2024-03-19T18:29:38.436+0000] {dag.py:3047} INFO - Sync 1 DAGs
[2024-03-19T18:29:38.607+0000] {logging_mixin.py:188} INFO - [2024-03-19T18:29:38.606+0000] {dag.py:3834} INFO - Setting next_dagrun for data_pipeline2 to 2024-03-19 00:00:00+00:00, run_after=2024-03-20 00:00:00+00:00
[2024-03-19T18:29:38.694+0000] {processor.py:183} INFO - Processing /opt/airflow/dags/scripts/test.py took 3.994 seconds
[2024-03-19T18:30:09.541+0000] {processor.py:161} INFO - Started process (PID=90108) to work on /opt/airflow/dags/scripts/test.py
[2024-03-19T18:30:09.545+0000] {processor.py:830} INFO - Processing file /opt/airflow/dags/scripts/test.py for tasks to queue
[2024-03-19T18:30:09.548+0000] {logging_mixin.py:188} INFO - [2024-03-19T18:30:09.548+0000] {dagbag.py:540} INFO - Filling up the DagBag from /opt/airflow/dags/scripts/test.py
[2024-03-19T18:30:11.627+0000] {logging_mixin.py:188} INFO - [2024-03-19T18:30:11.626+0000] {baseoperator.py:129} WARNING - Implicitly converting 'retries' from False to int
[2024-03-19T18:30:11.631+0000] {logging_mixin.py:188} INFO - [2024-03-19T18:30:11.630+0000] {baseoperator.py:129} WARNING - Implicitly converting 'retries' from False to int
[2024-03-19T18:30:11.637+0000] {processor.py:840} INFO - DAG(s) 'data_pipeline2' retrieved from /opt/airflow/dags/scripts/test.py
[2024-03-19T18:30:11.707+0000] {logging_mixin.py:188} INFO - [2024-03-19T18:30:11.706+0000] {dag.py:3047} INFO - Sync 1 DAGs
[2024-03-19T18:30:11.753+0000] {logging_mixin.py:188} INFO - [2024-03-19T18:30:11.753+0000] {dag.py:3834} INFO - Setting next_dagrun for data_pipeline2 to 2024-03-19 00:00:00+00:00, run_after=2024-03-20 00:00:00+00:00
[2024-03-19T18:30:11.820+0000] {processor.py:183} INFO - Processing /opt/airflow/dags/scripts/test.py took 2.287 seconds
[2024-03-19T18:30:42.543+0000] {processor.py:161} INFO - Started process (PID=90392) to work on /opt/airflow/dags/scripts/test.py
[2024-03-19T18:30:42.545+0000] {processor.py:830} INFO - Processing file /opt/airflow/dags/scripts/test.py for tasks to queue
[2024-03-19T18:30:42.547+0000] {logging_mixin.py:188} INFO - [2024-03-19T18:30:42.547+0000] {dagbag.py:540} INFO - Filling up the DagBag from /opt/airflow/dags/scripts/test.py
[2024-03-19T18:30:44.991+0000] {logging_mixin.py:188} INFO - [2024-03-19T18:30:44.989+0000] {baseoperator.py:129} WARNING - Implicitly converting 'retries' from False to int
[2024-03-19T18:30:44.995+0000] {logging_mixin.py:188} INFO - [2024-03-19T18:30:44.995+0000] {baseoperator.py:129} WARNING - Implicitly converting 'retries' from False to int
[2024-03-19T18:30:45.001+0000] {processor.py:840} INFO - DAG(s) 'data_pipeline2' retrieved from /opt/airflow/dags/scripts/test.py
[2024-03-19T18:30:45.056+0000] {logging_mixin.py:188} INFO - [2024-03-19T18:30:45.056+0000] {dag.py:3047} INFO - Sync 1 DAGs
[2024-03-19T18:30:45.085+0000] {logging_mixin.py:188} INFO - [2024-03-19T18:30:45.084+0000] {dag.py:3834} INFO - Setting next_dagrun for data_pipeline2 to 2024-03-19 00:00:00+00:00, run_after=2024-03-20 00:00:00+00:00
[2024-03-19T18:30:45.105+0000] {processor.py:183} INFO - Processing /opt/airflow/dags/scripts/test.py took 2.566 seconds
[2024-03-19T18:31:15.270+0000] {processor.py:161} INFO - Started process (PID=90661) to work on /opt/airflow/dags/scripts/test.py
[2024-03-19T18:31:15.275+0000] {processor.py:830} INFO - Processing file /opt/airflow/dags/scripts/test.py for tasks to queue
[2024-03-19T18:31:15.278+0000] {logging_mixin.py:188} INFO - [2024-03-19T18:31:15.278+0000] {dagbag.py:540} INFO - Filling up the DagBag from /opt/airflow/dags/scripts/test.py
[2024-03-19T18:31:16.814+0000] {logging_mixin.py:188} INFO - [2024-03-19T18:31:16.814+0000] {baseoperator.py:129} WARNING - Implicitly converting 'retries' from False to int
[2024-03-19T18:31:16.818+0000] {logging_mixin.py:188} INFO - [2024-03-19T18:31:16.818+0000] {baseoperator.py:129} WARNING - Implicitly converting 'retries' from False to int
[2024-03-19T18:31:16.825+0000] {processor.py:840} INFO - DAG(s) 'data_pipeline2' retrieved from /opt/airflow/dags/scripts/test.py
[2024-03-19T18:31:16.874+0000] {logging_mixin.py:188} INFO - [2024-03-19T18:31:16.873+0000] {dag.py:3047} INFO - Sync 1 DAGs
[2024-03-19T18:31:16.906+0000] {logging_mixin.py:188} INFO - [2024-03-19T18:31:16.906+0000] {dag.py:3834} INFO - Setting next_dagrun for data_pipeline2 to 2024-03-19 00:00:00+00:00, run_after=2024-03-20 00:00:00+00:00
[2024-03-19T18:31:16.922+0000] {processor.py:183} INFO - Processing /opt/airflow/dags/scripts/test.py took 1.664 seconds
[2024-03-19T18:31:47.079+0000] {processor.py:161} INFO - Started process (PID=90920) to work on /opt/airflow/dags/scripts/test.py
[2024-03-19T18:31:47.082+0000] {processor.py:830} INFO - Processing file /opt/airflow/dags/scripts/test.py for tasks to queue
[2024-03-19T18:31:47.084+0000] {logging_mixin.py:188} INFO - [2024-03-19T18:31:47.083+0000] {dagbag.py:540} INFO - Filling up the DagBag from /opt/airflow/dags/scripts/test.py
[2024-03-19T18:31:48.374+0000] {logging_mixin.py:188} INFO - [2024-03-19T18:31:48.372+0000] {baseoperator.py:129} WARNING - Implicitly converting 'retries' from False to int
[2024-03-19T18:31:48.377+0000] {logging_mixin.py:188} INFO - [2024-03-19T18:31:48.377+0000] {baseoperator.py:129} WARNING - Implicitly converting 'retries' from False to int
[2024-03-19T18:31:48.382+0000] {processor.py:840} INFO - DAG(s) 'data_pipeline2' retrieved from /opt/airflow/dags/scripts/test.py
[2024-03-19T18:31:48.431+0000] {logging_mixin.py:188} INFO - [2024-03-19T18:31:48.431+0000] {dag.py:3047} INFO - Sync 1 DAGs
[2024-03-19T18:31:48.474+0000] {logging_mixin.py:188} INFO - [2024-03-19T18:31:48.474+0000] {dag.py:3834} INFO - Setting next_dagrun for data_pipeline2 to 2024-03-19 00:00:00+00:00, run_after=2024-03-20 00:00:00+00:00
[2024-03-19T18:31:48.522+0000] {processor.py:183} INFO - Processing /opt/airflow/dags/scripts/test.py took 1.446 seconds
[2024-03-19T18:32:18.632+0000] {processor.py:161} INFO - Started process (PID=91190) to work on /opt/airflow/dags/scripts/test.py
[2024-03-19T18:32:18.634+0000] {processor.py:830} INFO - Processing file /opt/airflow/dags/scripts/test.py for tasks to queue
[2024-03-19T18:32:18.636+0000] {logging_mixin.py:188} INFO - [2024-03-19T18:32:18.636+0000] {dagbag.py:540} INFO - Filling up the DagBag from /opt/airflow/dags/scripts/test.py
[2024-03-19T18:32:20.747+0000] {logging_mixin.py:188} INFO - [2024-03-19T18:32:20.743+0000] {baseoperator.py:129} WARNING - Implicitly converting 'retries' from False to int
[2024-03-19T18:32:20.754+0000] {logging_mixin.py:188} INFO - [2024-03-19T18:32:20.753+0000] {baseoperator.py:129} WARNING - Implicitly converting 'retries' from False to int
[2024-03-19T18:32:20.759+0000] {processor.py:840} INFO - DAG(s) 'data_pipeline2' retrieved from /opt/airflow/dags/scripts/test.py
[2024-03-19T18:32:20.789+0000] {logging_mixin.py:188} INFO - [2024-03-19T18:32:20.788+0000] {dag.py:3047} INFO - Sync 1 DAGs
[2024-03-19T18:32:20.810+0000] {logging_mixin.py:188} INFO - [2024-03-19T18:32:20.809+0000] {dag.py:3834} INFO - Setting next_dagrun for data_pipeline2 to 2024-03-19 00:00:00+00:00, run_after=2024-03-20 00:00:00+00:00
[2024-03-19T18:32:20.828+0000] {processor.py:183} INFO - Processing /opt/airflow/dags/scripts/test.py took 2.200 seconds
[2024-03-19T18:32:51.479+0000] {processor.py:161} INFO - Started process (PID=91474) to work on /opt/airflow/dags/scripts/test.py
[2024-03-19T18:32:51.481+0000] {processor.py:830} INFO - Processing file /opt/airflow/dags/scripts/test.py for tasks to queue
[2024-03-19T18:32:51.483+0000] {logging_mixin.py:188} INFO - [2024-03-19T18:32:51.482+0000] {dagbag.py:540} INFO - Filling up the DagBag from /opt/airflow/dags/scripts/test.py
[2024-03-19T18:32:52.593+0000] {logging_mixin.py:188} INFO - [2024-03-19T18:32:52.592+0000] {baseoperator.py:129} WARNING - Implicitly converting 'retries' from False to int
[2024-03-19T18:32:52.599+0000] {logging_mixin.py:188} INFO - [2024-03-19T18:32:52.599+0000] {baseoperator.py:129} WARNING - Implicitly converting 'retries' from False to int
[2024-03-19T18:32:52.603+0000] {processor.py:840} INFO - DAG(s) 'data_pipeline2' retrieved from /opt/airflow/dags/scripts/test.py
[2024-03-19T18:32:52.637+0000] {logging_mixin.py:188} INFO - [2024-03-19T18:32:52.637+0000] {dag.py:3047} INFO - Sync 1 DAGs
[2024-03-19T18:32:52.657+0000] {logging_mixin.py:188} INFO - [2024-03-19T18:32:52.657+0000] {dag.py:3834} INFO - Setting next_dagrun for data_pipeline2 to 2024-03-19 00:00:00+00:00, run_after=2024-03-20 00:00:00+00:00
[2024-03-19T18:32:52.676+0000] {processor.py:183} INFO - Processing /opt/airflow/dags/scripts/test.py took 1.200 seconds
[2024-03-19T18:33:23.214+0000] {processor.py:161} INFO - Started process (PID=91733) to work on /opt/airflow/dags/scripts/test.py
[2024-03-19T18:33:23.217+0000] {processor.py:830} INFO - Processing file /opt/airflow/dags/scripts/test.py for tasks to queue
[2024-03-19T18:33:23.220+0000] {logging_mixin.py:188} INFO - [2024-03-19T18:33:23.219+0000] {dagbag.py:540} INFO - Filling up the DagBag from /opt/airflow/dags/scripts/test.py
[2024-03-19T18:33:25.095+0000] {logging_mixin.py:188} INFO - [2024-03-19T18:33:25.092+0000] {baseoperator.py:129} WARNING - Implicitly converting 'retries' from False to int
[2024-03-19T18:33:25.099+0000] {logging_mixin.py:188} INFO - [2024-03-19T18:33:25.099+0000] {baseoperator.py:129} WARNING - Implicitly converting 'retries' from False to int
[2024-03-19T18:33:25.106+0000] {processor.py:840} INFO - DAG(s) 'data_pipeline2' retrieved from /opt/airflow/dags/scripts/test.py
[2024-03-19T18:33:25.155+0000] {logging_mixin.py:188} INFO - [2024-03-19T18:33:25.148+0000] {dag.py:3047} INFO - Sync 1 DAGs
[2024-03-19T18:33:25.192+0000] {logging_mixin.py:188} INFO - [2024-03-19T18:33:25.191+0000] {dag.py:3834} INFO - Setting next_dagrun for data_pipeline2 to 2024-03-19 00:00:00+00:00, run_after=2024-03-20 00:00:00+00:00
[2024-03-19T18:33:25.218+0000] {processor.py:183} INFO - Processing /opt/airflow/dags/scripts/test.py took 2.003 seconds
[2024-03-19T18:33:55.637+0000] {processor.py:161} INFO - Started process (PID=92027) to work on /opt/airflow/dags/scripts/test.py
[2024-03-19T18:33:55.642+0000] {processor.py:830} INFO - Processing file /opt/airflow/dags/scripts/test.py for tasks to queue
[2024-03-19T18:33:55.645+0000] {logging_mixin.py:188} INFO - [2024-03-19T18:33:55.644+0000] {dagbag.py:540} INFO - Filling up the DagBag from /opt/airflow/dags/scripts/test.py
[2024-03-19T18:33:57.074+0000] {logging_mixin.py:188} INFO - [2024-03-19T18:33:57.070+0000] {baseoperator.py:129} WARNING - Implicitly converting 'retries' from False to int
[2024-03-19T18:33:57.080+0000] {logging_mixin.py:188} INFO - [2024-03-19T18:33:57.080+0000] {baseoperator.py:129} WARNING - Implicitly converting 'retries' from False to int
[2024-03-19T18:33:57.093+0000] {processor.py:840} INFO - DAG(s) 'data_pipeline2' retrieved from /opt/airflow/dags/scripts/test.py
[2024-03-19T18:33:57.174+0000] {logging_mixin.py:188} INFO - [2024-03-19T18:33:57.170+0000] {dag.py:3047} INFO - Sync 1 DAGs
[2024-03-19T18:33:57.218+0000] {logging_mixin.py:188} INFO - [2024-03-19T18:33:57.218+0000] {dag.py:3834} INFO - Setting next_dagrun for data_pipeline2 to 2024-03-19 00:00:00+00:00, run_after=2024-03-20 00:00:00+00:00
[2024-03-19T18:33:57.256+0000] {processor.py:183} INFO - Processing /opt/airflow/dags/scripts/test.py took 1.626 seconds
[2024-03-19T18:34:27.445+0000] {processor.py:161} INFO - Started process (PID=92286) to work on /opt/airflow/dags/scripts/test.py
[2024-03-19T18:34:27.449+0000] {processor.py:830} INFO - Processing file /opt/airflow/dags/scripts/test.py for tasks to queue
[2024-03-19T18:34:27.452+0000] {logging_mixin.py:188} INFO - [2024-03-19T18:34:27.451+0000] {dagbag.py:540} INFO - Filling up the DagBag from /opt/airflow/dags/scripts/test.py
[2024-03-19T18:34:29.066+0000] {logging_mixin.py:188} INFO - [2024-03-19T18:34:29.065+0000] {baseoperator.py:129} WARNING - Implicitly converting 'retries' from False to int
[2024-03-19T18:34:29.071+0000] {logging_mixin.py:188} INFO - [2024-03-19T18:34:29.070+0000] {baseoperator.py:129} WARNING - Implicitly converting 'retries' from False to int
[2024-03-19T18:34:29.077+0000] {processor.py:840} INFO - DAG(s) 'data_pipeline2' retrieved from /opt/airflow/dags/scripts/test.py
[2024-03-19T18:34:29.114+0000] {logging_mixin.py:188} INFO - [2024-03-19T18:34:29.113+0000] {dag.py:3047} INFO - Sync 1 DAGs
[2024-03-19T18:34:29.151+0000] {logging_mixin.py:188} INFO - [2024-03-19T18:34:29.151+0000] {dag.py:3834} INFO - Setting next_dagrun for data_pipeline2 to 2024-03-19 00:00:00+00:00, run_after=2024-03-20 00:00:00+00:00
[2024-03-19T18:34:29.209+0000] {processor.py:183} INFO - Processing /opt/airflow/dags/scripts/test.py took 1.771 seconds
[2024-03-19T18:34:59.547+0000] {processor.py:161} INFO - Started process (PID=92568) to work on /opt/airflow/dags/scripts/test.py
[2024-03-19T18:34:59.555+0000] {processor.py:830} INFO - Processing file /opt/airflow/dags/scripts/test.py for tasks to queue
[2024-03-19T18:34:59.565+0000] {logging_mixin.py:188} INFO - [2024-03-19T18:34:59.563+0000] {dagbag.py:540} INFO - Filling up the DagBag from /opt/airflow/dags/scripts/test.py
[2024-03-19T18:35:01.571+0000] {logging_mixin.py:188} INFO - [2024-03-19T18:35:01.556+0000] {baseoperator.py:129} WARNING - Implicitly converting 'retries' from False to int
[2024-03-19T18:35:01.585+0000] {logging_mixin.py:188} INFO - [2024-03-19T18:35:01.584+0000] {baseoperator.py:129} WARNING - Implicitly converting 'retries' from False to int
[2024-03-19T18:35:01.614+0000] {processor.py:840} INFO - DAG(s) 'data_pipeline2' retrieved from /opt/airflow/dags/scripts/test.py
[2024-03-19T18:35:01.813+0000] {logging_mixin.py:188} INFO - [2024-03-19T18:35:01.810+0000] {dag.py:3047} INFO - Sync 1 DAGs
[2024-03-19T18:35:01.988+0000] {logging_mixin.py:188} INFO - [2024-03-19T18:35:01.987+0000] {dag.py:3834} INFO - Setting next_dagrun for data_pipeline2 to 2024-03-19 00:00:00+00:00, run_after=2024-03-20 00:00:00+00:00
[2024-03-19T18:35:02.086+0000] {processor.py:183} INFO - Processing /opt/airflow/dags/scripts/test.py took 2.554 seconds
[2024-03-19T18:35:32.978+0000] {processor.py:161} INFO - Started process (PID=92833) to work on /opt/airflow/dags/scripts/test.py
[2024-03-19T18:35:32.980+0000] {processor.py:830} INFO - Processing file /opt/airflow/dags/scripts/test.py for tasks to queue
[2024-03-19T18:35:32.982+0000] {logging_mixin.py:188} INFO - [2024-03-19T18:35:32.982+0000] {dagbag.py:540} INFO - Filling up the DagBag from /opt/airflow/dags/scripts/test.py
[2024-03-19T18:35:36.982+0000] {logging_mixin.py:188} INFO - [2024-03-19T18:35:36.975+0000] {baseoperator.py:129} WARNING - Implicitly converting 'retries' from False to int
[2024-03-19T18:35:36.990+0000] {logging_mixin.py:188} INFO - [2024-03-19T18:35:36.990+0000] {baseoperator.py:129} WARNING - Implicitly converting 'retries' from False to int
[2024-03-19T18:35:36.997+0000] {processor.py:840} INFO - DAG(s) 'data_pipeline2' retrieved from /opt/airflow/dags/scripts/test.py
[2024-03-19T18:35:37.054+0000] {logging_mixin.py:188} INFO - [2024-03-19T18:35:37.054+0000] {dag.py:3047} INFO - Sync 1 DAGs
[2024-03-19T18:35:37.095+0000] {logging_mixin.py:188} INFO - [2024-03-19T18:35:37.095+0000] {dag.py:3834} INFO - Setting next_dagrun for data_pipeline2 to 2024-03-19 00:00:00+00:00, run_after=2024-03-20 00:00:00+00:00
[2024-03-19T18:35:37.132+0000] {processor.py:183} INFO - Processing /opt/airflow/dags/scripts/test.py took 4.158 seconds
[2024-03-19T18:36:07.357+0000] {processor.py:161} INFO - Started process (PID=93087) to work on /opt/airflow/dags/scripts/test.py
[2024-03-19T18:36:07.361+0000] {processor.py:830} INFO - Processing file /opt/airflow/dags/scripts/test.py for tasks to queue
[2024-03-19T18:36:07.367+0000] {logging_mixin.py:188} INFO - [2024-03-19T18:36:07.366+0000] {dagbag.py:540} INFO - Filling up the DagBag from /opt/airflow/dags/scripts/test.py
[2024-03-19T18:36:08.477+0000] {logging_mixin.py:188} INFO - [2024-03-19T18:36:08.477+0000] {baseoperator.py:129} WARNING - Implicitly converting 'retries' from False to int
[2024-03-19T18:36:08.480+0000] {logging_mixin.py:188} INFO - [2024-03-19T18:36:08.480+0000] {baseoperator.py:129} WARNING - Implicitly converting 'retries' from False to int
[2024-03-19T18:36:08.482+0000] {processor.py:840} INFO - DAG(s) 'data_pipeline2' retrieved from /opt/airflow/dags/scripts/test.py
[2024-03-19T18:36:08.500+0000] {logging_mixin.py:188} INFO - [2024-03-19T18:36:08.500+0000] {dag.py:3047} INFO - Sync 1 DAGs
[2024-03-19T18:36:08.516+0000] {logging_mixin.py:188} INFO - [2024-03-19T18:36:08.516+0000] {dag.py:3834} INFO - Setting next_dagrun for data_pipeline2 to 2024-03-19 00:00:00+00:00, run_after=2024-03-20 00:00:00+00:00
[2024-03-19T18:36:08.527+0000] {processor.py:183} INFO - Processing /opt/airflow/dags/scripts/test.py took 1.181 seconds
[2024-03-19T18:36:39.601+0000] {processor.py:161} INFO - Started process (PID=93355) to work on /opt/airflow/dags/scripts/test.py
[2024-03-19T18:36:39.605+0000] {processor.py:830} INFO - Processing file /opt/airflow/dags/scripts/test.py for tasks to queue
[2024-03-19T18:36:39.612+0000] {logging_mixin.py:188} INFO - [2024-03-19T18:36:39.612+0000] {dagbag.py:540} INFO - Filling up the DagBag from /opt/airflow/dags/scripts/test.py
[2024-03-19T18:36:40.815+0000] {logging_mixin.py:188} INFO - [2024-03-19T18:36:40.813+0000] {baseoperator.py:129} WARNING - Implicitly converting 'retries' from False to int
[2024-03-19T18:36:40.821+0000] {logging_mixin.py:188} INFO - [2024-03-19T18:36:40.820+0000] {baseoperator.py:129} WARNING - Implicitly converting 'retries' from False to int
[2024-03-19T18:36:40.825+0000] {processor.py:840} INFO - DAG(s) 'data_pipeline2' retrieved from /opt/airflow/dags/scripts/test.py
[2024-03-19T18:36:40.860+0000] {logging_mixin.py:188} INFO - [2024-03-19T18:36:40.859+0000] {dag.py:3047} INFO - Sync 1 DAGs
[2024-03-19T18:36:40.901+0000] {logging_mixin.py:188} INFO - [2024-03-19T18:36:40.901+0000] {dag.py:3834} INFO - Setting next_dagrun for data_pipeline2 to 2024-03-19 00:00:00+00:00, run_after=2024-03-20 00:00:00+00:00
[2024-03-19T18:36:40.931+0000] {processor.py:183} INFO - Processing /opt/airflow/dags/scripts/test.py took 1.333 seconds
[2024-03-19T18:37:11.347+0000] {processor.py:161} INFO - Started process (PID=93634) to work on /opt/airflow/dags/scripts/test.py
[2024-03-19T18:37:11.350+0000] {processor.py:830} INFO - Processing file /opt/airflow/dags/scripts/test.py for tasks to queue
[2024-03-19T18:37:11.353+0000] {logging_mixin.py:188} INFO - [2024-03-19T18:37:11.353+0000] {dagbag.py:540} INFO - Filling up the DagBag from /opt/airflow/dags/scripts/test.py
[2024-03-19T18:37:18.003+0000] {logging_mixin.py:188} INFO - [2024-03-19T18:37:17.933+0000] {baseoperator.py:129} WARNING - Implicitly converting 'retries' from False to int
[2024-03-19T18:37:18.024+0000] {logging_mixin.py:188} INFO - [2024-03-19T18:37:18.023+0000] {baseoperator.py:129} WARNING - Implicitly converting 'retries' from False to int
[2024-03-19T18:37:18.044+0000] {processor.py:840} INFO - DAG(s) 'data_pipeline2' retrieved from /opt/airflow/dags/scripts/test.py
[2024-03-19T18:37:18.147+0000] {logging_mixin.py:188} INFO - [2024-03-19T18:37:18.146+0000] {dag.py:3047} INFO - Sync 1 DAGs
[2024-03-19T18:37:18.201+0000] {logging_mixin.py:188} INFO - [2024-03-19T18:37:18.201+0000] {dag.py:3834} INFO - Setting next_dagrun for data_pipeline2 to 2024-03-19 00:00:00+00:00, run_after=2024-03-20 00:00:00+00:00
[2024-03-19T18:37:18.233+0000] {processor.py:183} INFO - Processing /opt/airflow/dags/scripts/test.py took 6.889 seconds
[2024-03-19T18:37:49.157+0000] {processor.py:161} INFO - Started process (PID=93923) to work on /opt/airflow/dags/scripts/test.py
[2024-03-19T18:37:49.165+0000] {processor.py:830} INFO - Processing file /opt/airflow/dags/scripts/test.py for tasks to queue
[2024-03-19T18:37:49.170+0000] {logging_mixin.py:188} INFO - [2024-03-19T18:37:49.169+0000] {dagbag.py:540} INFO - Filling up the DagBag from /opt/airflow/dags/scripts/test.py
[2024-03-19T18:37:51.420+0000] {logging_mixin.py:188} INFO - [2024-03-19T18:37:51.417+0000] {baseoperator.py:129} WARNING - Implicitly converting 'retries' from False to int
[2024-03-19T18:37:51.428+0000] {logging_mixin.py:188} INFO - [2024-03-19T18:37:51.427+0000] {baseoperator.py:129} WARNING - Implicitly converting 'retries' from False to int
[2024-03-19T18:37:51.441+0000] {processor.py:840} INFO - DAG(s) 'data_pipeline2' retrieved from /opt/airflow/dags/scripts/test.py
[2024-03-19T18:37:51.511+0000] {logging_mixin.py:188} INFO - [2024-03-19T18:37:51.510+0000] {dag.py:3047} INFO - Sync 1 DAGs
[2024-03-19T18:37:51.588+0000] {logging_mixin.py:188} INFO - [2024-03-19T18:37:51.588+0000] {dag.py:3834} INFO - Setting next_dagrun for data_pipeline2 to 2024-03-19 00:00:00+00:00, run_after=2024-03-20 00:00:00+00:00
[2024-03-19T18:37:51.679+0000] {processor.py:183} INFO - Processing /opt/airflow/dags/scripts/test.py took 2.535 seconds
[2024-03-19T18:38:22.167+0000] {processor.py:161} INFO - Started process (PID=94208) to work on /opt/airflow/dags/scripts/test.py
[2024-03-19T18:38:22.170+0000] {processor.py:830} INFO - Processing file /opt/airflow/dags/scripts/test.py for tasks to queue
[2024-03-19T18:38:22.172+0000] {logging_mixin.py:188} INFO - [2024-03-19T18:38:22.172+0000] {dagbag.py:540} INFO - Filling up the DagBag from /opt/airflow/dags/scripts/test.py
[2024-03-19T18:38:23.567+0000] {logging_mixin.py:188} INFO - [2024-03-19T18:38:23.565+0000] {baseoperator.py:129} WARNING - Implicitly converting 'retries' from False to int
[2024-03-19T18:38:23.586+0000] {logging_mixin.py:188} INFO - [2024-03-19T18:38:23.585+0000] {baseoperator.py:129} WARNING - Implicitly converting 'retries' from False to int
[2024-03-19T18:38:23.598+0000] {processor.py:840} INFO - DAG(s) 'data_pipeline2' retrieved from /opt/airflow/dags/scripts/test.py
[2024-03-19T18:38:23.693+0000] {logging_mixin.py:188} INFO - [2024-03-19T18:38:23.692+0000] {dag.py:3047} INFO - Sync 1 DAGs
[2024-03-19T18:38:23.747+0000] {logging_mixin.py:188} INFO - [2024-03-19T18:38:23.747+0000] {dag.py:3834} INFO - Setting next_dagrun for data_pipeline2 to 2024-03-19 00:00:00+00:00, run_after=2024-03-20 00:00:00+00:00
[2024-03-19T18:38:23.821+0000] {processor.py:183} INFO - Processing /opt/airflow/dags/scripts/test.py took 1.662 seconds
[2024-03-19T18:38:55.068+0000] {processor.py:161} INFO - Started process (PID=94486) to work on /opt/airflow/dags/scripts/test.py
[2024-03-19T18:38:55.077+0000] {processor.py:830} INFO - Processing file /opt/airflow/dags/scripts/test.py for tasks to queue
[2024-03-19T18:38:55.085+0000] {logging_mixin.py:188} INFO - [2024-03-19T18:38:55.083+0000] {dagbag.py:540} INFO - Filling up the DagBag from /opt/airflow/dags/scripts/test.py
[2024-03-19T18:38:59.412+0000] {logging_mixin.py:188} INFO - [2024-03-19T18:38:59.393+0000] {baseoperator.py:129} WARNING - Implicitly converting 'retries' from False to int
[2024-03-19T18:38:59.443+0000] {logging_mixin.py:188} INFO - [2024-03-19T18:38:59.432+0000] {baseoperator.py:129} WARNING - Implicitly converting 'retries' from False to int
[2024-03-19T18:38:59.482+0000] {processor.py:840} INFO - DAG(s) 'data_pipeline2' retrieved from /opt/airflow/dags/scripts/test.py
[2024-03-19T18:38:59.750+0000] {logging_mixin.py:188} INFO - [2024-03-19T18:38:59.747+0000] {dag.py:3047} INFO - Sync 1 DAGs
[2024-03-19T18:39:00.065+0000] {logging_mixin.py:188} INFO - [2024-03-19T18:39:00.052+0000] {dag.py:3834} INFO - Setting next_dagrun for data_pipeline2 to 2024-03-19 00:00:00+00:00, run_after=2024-03-20 00:00:00+00:00
[2024-03-19T18:39:00.357+0000] {processor.py:183} INFO - Processing /opt/airflow/dags/scripts/test.py took 5.291 seconds
[2024-03-19T18:39:33.268+0000] {processor.py:161} INFO - Started process (PID=94754) to work on /opt/airflow/dags/scripts/test.py
[2024-03-19T18:39:33.291+0000] {processor.py:830} INFO - Processing file /opt/airflow/dags/scripts/test.py for tasks to queue
[2024-03-19T18:39:33.325+0000] {logging_mixin.py:188} INFO - [2024-03-19T18:39:33.323+0000] {dagbag.py:540} INFO - Filling up the DagBag from /opt/airflow/dags/scripts/test.py
[2024-03-19T18:39:39.821+0000] {logging_mixin.py:188} INFO - [2024-03-19T18:39:39.794+0000] {baseoperator.py:129} WARNING - Implicitly converting 'retries' from False to int
[2024-03-19T18:39:39.856+0000] {logging_mixin.py:188} INFO - [2024-03-19T18:39:39.854+0000] {baseoperator.py:129} WARNING - Implicitly converting 'retries' from False to int
[2024-03-19T18:39:39.913+0000] {processor.py:840} INFO - DAG(s) 'data_pipeline2' retrieved from /opt/airflow/dags/scripts/test.py
[2024-03-19T18:39:40.265+0000] {logging_mixin.py:188} INFO - [2024-03-19T18:39:40.263+0000] {dag.py:3047} INFO - Sync 1 DAGs
[2024-03-19T18:39:40.468+0000] {logging_mixin.py:188} INFO - [2024-03-19T18:39:40.467+0000] {dag.py:3834} INFO - Setting next_dagrun for data_pipeline2 to 2024-03-19 00:00:00+00:00, run_after=2024-03-20 00:00:00+00:00
[2024-03-19T18:39:57.686+0000] {processor.py:183} INFO - Processing /opt/airflow/dags/scripts/test.py took 24.444 seconds
[2024-03-19T18:40:38.060+0000] {processor.py:161} INFO - Started process (PID=95072) to work on /opt/airflow/dags/scripts/test.py
[2024-03-19T18:40:38.087+0000] {processor.py:830} INFO - Processing file /opt/airflow/dags/scripts/test.py for tasks to queue
[2024-03-19T18:40:38.094+0000] {logging_mixin.py:188} INFO - [2024-03-19T18:40:38.093+0000] {dagbag.py:540} INFO - Filling up the DagBag from /opt/airflow/dags/scripts/test.py
[2024-03-19T18:40:45.367+0000] {logging_mixin.py:188} INFO - [2024-03-19T18:40:45.351+0000] {baseoperator.py:129} WARNING - Implicitly converting 'retries' from False to int
[2024-03-19T18:40:45.390+0000] {logging_mixin.py:188} INFO - [2024-03-19T18:40:45.388+0000] {baseoperator.py:129} WARNING - Implicitly converting 'retries' from False to int
[2024-03-19T18:40:45.450+0000] {processor.py:840} INFO - DAG(s) 'data_pipeline2' retrieved from /opt/airflow/dags/scripts/test.py
[2024-03-19T18:40:45.874+0000] {logging_mixin.py:188} INFO - [2024-03-19T18:40:45.871+0000] {dag.py:3047} INFO - Sync 1 DAGs
[2024-03-19T18:40:57.058+0000] {logging_mixin.py:188} INFO - [2024-03-19T18:40:57.054+0000] {dag.py:3834} INFO - Setting next_dagrun for data_pipeline2 to 2024-03-19 00:00:00+00:00, run_after=2024-03-20 00:00:00+00:00
[2024-03-19T18:40:57.620+0000] {processor.py:183} INFO - Processing /opt/airflow/dags/scripts/test.py took 19.590 seconds
[2024-03-19T18:41:36.221+0000] {processor.py:161} INFO - Started process (PID=95338) to work on /opt/airflow/dags/scripts/test.py
[2024-03-19T18:41:36.248+0000] {processor.py:830} INFO - Processing file /opt/airflow/dags/scripts/test.py for tasks to queue
[2024-03-19T18:41:36.260+0000] {logging_mixin.py:188} INFO - [2024-03-19T18:41:36.258+0000] {dagbag.py:540} INFO - Filling up the DagBag from /opt/airflow/dags/scripts/test.py
[2024-03-19T18:41:39.890+0000] {logging_mixin.py:188} INFO - [2024-03-19T18:41:39.872+0000] {baseoperator.py:129} WARNING - Implicitly converting 'retries' from False to int
[2024-03-19T18:41:39.923+0000] {logging_mixin.py:188} INFO - [2024-03-19T18:41:39.922+0000] {baseoperator.py:129} WARNING - Implicitly converting 'retries' from False to int
[2024-03-19T18:41:39.972+0000] {processor.py:840} INFO - DAG(s) 'data_pipeline2' retrieved from /opt/airflow/dags/scripts/test.py
[2024-03-19T18:41:40.615+0000] {logging_mixin.py:188} INFO - [2024-03-19T18:41:40.607+0000] {dag.py:3047} INFO - Sync 1 DAGs
[2024-03-19T18:41:42.905+0000] {logging_mixin.py:188} INFO - [2024-03-19T18:41:42.904+0000] {dag.py:3834} INFO - Setting next_dagrun for data_pipeline2 to 2024-03-19 00:00:00+00:00, run_after=2024-03-20 00:00:00+00:00
[2024-03-19T18:41:42.994+0000] {processor.py:183} INFO - Processing /opt/airflow/dags/scripts/test.py took 6.810 seconds
[2024-03-19T18:42:16.697+0000] {processor.py:161} INFO - Started process (PID=95597) to work on /opt/airflow/dags/scripts/test.py
[2024-03-19T18:42:16.710+0000] {processor.py:830} INFO - Processing file /opt/airflow/dags/scripts/test.py for tasks to queue
[2024-03-19T18:42:16.717+0000] {logging_mixin.py:188} INFO - [2024-03-19T18:42:16.716+0000] {dagbag.py:540} INFO - Filling up the DagBag from /opt/airflow/dags/scripts/test.py
[2024-03-19T18:42:18.314+0000] {logging_mixin.py:188} INFO - [2024-03-19T18:42:18.309+0000] {baseoperator.py:129} WARNING - Implicitly converting 'retries' from False to int
[2024-03-19T18:42:18.332+0000] {logging_mixin.py:188} INFO - [2024-03-19T18:42:18.331+0000] {baseoperator.py:129} WARNING - Implicitly converting 'retries' from False to int
[2024-03-19T18:42:18.350+0000] {processor.py:840} INFO - DAG(s) 'data_pipeline2' retrieved from /opt/airflow/dags/scripts/test.py
[2024-03-19T18:42:18.447+0000] {logging_mixin.py:188} INFO - [2024-03-19T18:42:18.446+0000] {dag.py:3047} INFO - Sync 1 DAGs
[2024-03-19T18:42:18.516+0000] {logging_mixin.py:188} INFO - [2024-03-19T18:42:18.515+0000] {dag.py:3834} INFO - Setting next_dagrun for data_pipeline2 to 2024-03-19 00:00:00+00:00, run_after=2024-03-20 00:00:00+00:00
[2024-03-19T18:42:19.041+0000] {processor.py:183} INFO - Processing /opt/airflow/dags/scripts/test.py took 2.366 seconds
[2024-03-19T18:42:49.230+0000] {processor.py:161} INFO - Started process (PID=95855) to work on /opt/airflow/dags/scripts/test.py
[2024-03-19T18:42:49.234+0000] {processor.py:830} INFO - Processing file /opt/airflow/dags/scripts/test.py for tasks to queue
[2024-03-19T18:42:49.238+0000] {logging_mixin.py:188} INFO - [2024-03-19T18:42:49.238+0000] {dagbag.py:540} INFO - Filling up the DagBag from /opt/airflow/dags/scripts/test.py
[2024-03-19T18:42:52.560+0000] {logging_mixin.py:188} INFO - [2024-03-19T18:42:52.555+0000] {baseoperator.py:129} WARNING - Implicitly converting 'retries' from False to int
[2024-03-19T18:42:52.565+0000] {logging_mixin.py:188} INFO - [2024-03-19T18:42:52.565+0000] {baseoperator.py:129} WARNING - Implicitly converting 'retries' from False to int
[2024-03-19T18:42:52.573+0000] {processor.py:840} INFO - DAG(s) 'data_pipeline2' retrieved from /opt/airflow/dags/scripts/test.py
[2024-03-19T18:42:52.617+0000] {logging_mixin.py:188} INFO - [2024-03-19T18:42:52.616+0000] {dag.py:3047} INFO - Sync 1 DAGs
[2024-03-19T18:42:52.651+0000] {logging_mixin.py:188} INFO - [2024-03-19T18:42:52.651+0000] {dag.py:3834} INFO - Setting next_dagrun for data_pipeline2 to 2024-03-19 00:00:00+00:00, run_after=2024-03-20 00:00:00+00:00
[2024-03-19T18:42:52.673+0000] {processor.py:183} INFO - Processing /opt/airflow/dags/scripts/test.py took 3.447 seconds
[2024-03-19T18:43:29.523+0000] {processor.py:161} INFO - Started process (PID=96115) to work on /opt/airflow/dags/scripts/test.py
[2024-03-19T18:43:29.536+0000] {processor.py:830} INFO - Processing file /opt/airflow/dags/scripts/test.py for tasks to queue
[2024-03-19T18:43:29.551+0000] {logging_mixin.py:188} INFO - [2024-03-19T18:43:29.549+0000] {dagbag.py:540} INFO - Filling up the DagBag from /opt/airflow/dags/scripts/test.py
[2024-03-19T18:43:31.814+0000] {logging_mixin.py:188} INFO - [2024-03-19T18:43:31.806+0000] {baseoperator.py:129} WARNING - Implicitly converting 'retries' from False to int
[2024-03-19T18:43:31.823+0000] {logging_mixin.py:188} INFO - [2024-03-19T18:43:31.822+0000] {baseoperator.py:129} WARNING - Implicitly converting 'retries' from False to int
[2024-03-19T18:43:31.855+0000] {processor.py:840} INFO - DAG(s) 'data_pipeline2' retrieved from /opt/airflow/dags/scripts/test.py
[2024-03-19T18:43:32.051+0000] {logging_mixin.py:188} INFO - [2024-03-19T18:43:32.050+0000] {dag.py:3047} INFO - Sync 1 DAGs
[2024-03-19T18:43:32.214+0000] {logging_mixin.py:188} INFO - [2024-03-19T18:43:32.213+0000] {dag.py:3834} INFO - Setting next_dagrun for data_pipeline2 to 2024-03-19 00:00:00+00:00, run_after=2024-03-20 00:00:00+00:00
[2024-03-19T18:43:32.315+0000] {processor.py:183} INFO - Processing /opt/airflow/dags/scripts/test.py took 2.832 seconds
[2024-03-19T18:44:03.529+0000] {processor.py:161} INFO - Started process (PID=96374) to work on /opt/airflow/dags/scripts/test.py
[2024-03-19T18:44:03.549+0000] {processor.py:830} INFO - Processing file /opt/airflow/dags/scripts/test.py for tasks to queue
[2024-03-19T18:44:03.561+0000] {logging_mixin.py:188} INFO - [2024-03-19T18:44:03.559+0000] {dagbag.py:540} INFO - Filling up the DagBag from /opt/airflow/dags/scripts/test.py
[2024-03-19T18:44:05.462+0000] {logging_mixin.py:188} INFO - [2024-03-19T18:44:05.456+0000] {baseoperator.py:129} WARNING - Implicitly converting 'retries' from False to int
[2024-03-19T18:44:05.479+0000] {logging_mixin.py:188} INFO - [2024-03-19T18:44:05.478+0000] {baseoperator.py:129} WARNING - Implicitly converting 'retries' from False to int
[2024-03-19T18:44:05.491+0000] {processor.py:840} INFO - DAG(s) 'data_pipeline2' retrieved from /opt/airflow/dags/scripts/test.py
[2024-03-19T18:44:06.862+0000] {logging_mixin.py:188} INFO - [2024-03-19T18:44:05.576+0000] {dag.py:3047} INFO - Sync 1 DAGs
[2024-03-19T18:44:06.959+0000] {logging_mixin.py:188} INFO - [2024-03-19T18:44:06.959+0000] {dag.py:3834} INFO - Setting next_dagrun for data_pipeline2 to 2024-03-19 00:00:00+00:00, run_after=2024-03-20 00:00:00+00:00
[2024-03-19T18:44:07.043+0000] {processor.py:183} INFO - Processing /opt/airflow/dags/scripts/test.py took 3.545 seconds
[2024-03-19T18:44:37.919+0000] {processor.py:161} INFO - Started process (PID=96638) to work on /opt/airflow/dags/scripts/test.py
[2024-03-19T18:44:37.940+0000] {processor.py:830} INFO - Processing file /opt/airflow/dags/scripts/test.py for tasks to queue
[2024-03-19T18:44:37.960+0000] {logging_mixin.py:188} INFO - [2024-03-19T18:44:37.957+0000] {dagbag.py:540} INFO - Filling up the DagBag from /opt/airflow/dags/scripts/test.py
[2024-03-19T18:44:44.921+0000] {logging_mixin.py:188} INFO - [2024-03-19T18:44:44.915+0000] {baseoperator.py:129} WARNING - Implicitly converting 'retries' from False to int
[2024-03-19T18:44:44.931+0000] {logging_mixin.py:188} INFO - [2024-03-19T18:44:44.930+0000] {baseoperator.py:129} WARNING - Implicitly converting 'retries' from False to int
[2024-03-19T18:44:44.954+0000] {processor.py:840} INFO - DAG(s) 'data_pipeline2' retrieved from /opt/airflow/dags/scripts/test.py
[2024-03-19T18:44:45.361+0000] {logging_mixin.py:188} INFO - [2024-03-19T18:44:45.338+0000] {dag.py:3047} INFO - Sync 1 DAGs
[2024-03-19T18:44:49.883+0000] {logging_mixin.py:188} INFO - [2024-03-19T18:44:49.881+0000] {dag.py:3834} INFO - Setting next_dagrun for data_pipeline2 to 2024-03-19 00:00:00+00:00, run_after=2024-03-20 00:00:00+00:00
[2024-03-19T18:44:50.049+0000] {processor.py:183} INFO - Processing /opt/airflow/dags/scripts/test.py took 12.185 seconds
[2024-03-19T18:45:30.143+0000] {processor.py:161} INFO - Started process (PID=96841) to work on /opt/airflow/dags/scripts/test.py
[2024-03-19T18:45:30.169+0000] {processor.py:830} INFO - Processing file /opt/airflow/dags/scripts/test.py for tasks to queue
[2024-03-19T18:45:30.188+0000] {logging_mixin.py:188} INFO - [2024-03-19T18:45:30.185+0000] {dagbag.py:540} INFO - Filling up the DagBag from /opt/airflow/dags/scripts/test.py
[2024-03-19T18:45:38.533+0000] {logging_mixin.py:188} INFO - [2024-03-19T18:45:38.520+0000] {baseoperator.py:129} WARNING - Implicitly converting 'retries' from False to int
[2024-03-19T18:45:38.545+0000] {logging_mixin.py:188} INFO - [2024-03-19T18:45:38.544+0000] {baseoperator.py:129} WARNING - Implicitly converting 'retries' from False to int
[2024-03-19T18:45:38.558+0000] {processor.py:840} INFO - DAG(s) 'data_pipeline2' retrieved from /opt/airflow/dags/scripts/test.py
[2024-03-19T18:45:38.693+0000] {logging_mixin.py:188} INFO - [2024-03-19T18:45:38.691+0000] {dag.py:3047} INFO - Sync 1 DAGs
[2024-03-19T18:45:38.915+0000] {logging_mixin.py:188} INFO - [2024-03-19T18:45:38.911+0000] {dag.py:3834} INFO - Setting next_dagrun for data_pipeline2 to 2024-03-19 00:00:00+00:00, run_after=2024-03-20 00:00:00+00:00
[2024-03-19T18:45:39.201+0000] {processor.py:183} INFO - Processing /opt/airflow/dags/scripts/test.py took 9.080 seconds
[2024-03-19T18:46:14.839+0000] {processor.py:161} INFO - Started process (PID=97086) to work on /opt/airflow/dags/scripts/test.py
[2024-03-19T18:46:14.848+0000] {processor.py:830} INFO - Processing file /opt/airflow/dags/scripts/test.py for tasks to queue
[2024-03-19T18:46:14.855+0000] {logging_mixin.py:188} INFO - [2024-03-19T18:46:14.854+0000] {dagbag.py:540} INFO - Filling up the DagBag from /opt/airflow/dags/scripts/test.py
[2024-03-19T18:46:18.631+0000] {logging_mixin.py:188} INFO - [2024-03-19T18:46:18.629+0000] {baseoperator.py:129} WARNING - Implicitly converting 'retries' from False to int
[2024-03-19T18:46:18.638+0000] {logging_mixin.py:188} INFO - [2024-03-19T18:46:18.638+0000] {baseoperator.py:129} WARNING - Implicitly converting 'retries' from False to int
[2024-03-19T18:46:18.649+0000] {processor.py:840} INFO - DAG(s) 'data_pipeline2' retrieved from /opt/airflow/dags/scripts/test.py
[2024-03-19T18:46:18.703+0000] {logging_mixin.py:188} INFO - [2024-03-19T18:46:18.702+0000] {dag.py:3047} INFO - Sync 1 DAGs
[2024-03-19T18:46:18.763+0000] {logging_mixin.py:188} INFO - [2024-03-19T18:46:18.763+0000] {dag.py:3834} INFO - Setting next_dagrun for data_pipeline2 to 2024-03-19 00:00:00+00:00, run_after=2024-03-20 00:00:00+00:00
[2024-03-19T18:46:18.812+0000] {processor.py:183} INFO - Processing /opt/airflow/dags/scripts/test.py took 3.986 seconds
[2024-03-19T18:46:50.034+0000] {processor.py:161} INFO - Started process (PID=97296) to work on /opt/airflow/dags/scripts/test.py
[2024-03-19T18:46:50.047+0000] {processor.py:830} INFO - Processing file /opt/airflow/dags/scripts/test.py for tasks to queue
[2024-03-19T18:46:50.057+0000] {logging_mixin.py:188} INFO - [2024-03-19T18:46:50.055+0000] {dagbag.py:540} INFO - Filling up the DagBag from /opt/airflow/dags/scripts/test.py
[2024-03-19T18:46:53.147+0000] {logging_mixin.py:188} INFO - [2024-03-19T18:46:53.143+0000] {baseoperator.py:129} WARNING - Implicitly converting 'retries' from False to int
[2024-03-19T18:46:53.161+0000] {logging_mixin.py:188} INFO - [2024-03-19T18:46:53.160+0000] {baseoperator.py:129} WARNING - Implicitly converting 'retries' from False to int
[2024-03-19T18:46:53.213+0000] {processor.py:840} INFO - DAG(s) 'data_pipeline2' retrieved from /opt/airflow/dags/scripts/test.py
[2024-03-19T18:46:59.674+0000] {logging_mixin.py:188} INFO - [2024-03-19T18:46:59.657+0000] {dag.py:3047} INFO - Sync 1 DAGs
[2024-03-19T18:47:00.151+0000] {logging_mixin.py:188} INFO - [2024-03-19T18:47:00.146+0000] {dag.py:3834} INFO - Setting next_dagrun for data_pipeline2 to 2024-03-19 00:00:00+00:00, run_after=2024-03-20 00:00:00+00:00
[2024-03-19T18:47:00.472+0000] {processor.py:183} INFO - Processing /opt/airflow/dags/scripts/test.py took 10.445 seconds
[2024-03-19T18:47:43.111+0000] {processor.py:161} INFO - Started process (PID=97530) to work on /opt/airflow/dags/scripts/test.py
[2024-03-19T18:47:43.206+0000] {processor.py:830} INFO - Processing file /opt/airflow/dags/scripts/test.py for tasks to queue
[2024-03-19T18:47:43.238+0000] {logging_mixin.py:188} INFO - [2024-03-19T18:47:43.229+0000] {dagbag.py:540} INFO - Filling up the DagBag from /opt/airflow/dags/scripts/test.py
[2024-03-19T18:47:53.852+0000] {logging_mixin.py:188} INFO - [2024-03-19T18:47:53.744+0000] {baseoperator.py:129} WARNING - Implicitly converting 'retries' from False to int
[2024-03-19T18:47:53.875+0000] {logging_mixin.py:188} INFO - [2024-03-19T18:47:53.875+0000] {baseoperator.py:129} WARNING - Implicitly converting 'retries' from False to int
[2024-03-19T18:47:53.902+0000] {processor.py:840} INFO - DAG(s) 'data_pipeline2' retrieved from /opt/airflow/dags/scripts/test.py
[2024-03-19T18:47:54.860+0000] {logging_mixin.py:188} INFO - [2024-03-19T18:47:54.856+0000] {dag.py:3047} INFO - Sync 1 DAGs
[2024-03-19T18:47:55.501+0000] {logging_mixin.py:188} INFO - [2024-03-19T18:47:55.488+0000] {dag.py:3834} INFO - Setting next_dagrun for data_pipeline2 to 2024-03-19 00:00:00+00:00, run_after=2024-03-20 00:00:00+00:00
[2024-03-19T18:47:55.967+0000] {processor.py:183} INFO - Processing /opt/airflow/dags/scripts/test.py took 12.977 seconds
[2024-03-19T18:48:27.671+0000] {processor.py:161} INFO - Started process (PID=97783) to work on /opt/airflow/dags/scripts/test.py
[2024-03-19T18:48:27.679+0000] {processor.py:830} INFO - Processing file /opt/airflow/dags/scripts/test.py for tasks to queue
[2024-03-19T18:48:27.686+0000] {logging_mixin.py:188} INFO - [2024-03-19T18:48:27.685+0000] {dagbag.py:540} INFO - Filling up the DagBag from /opt/airflow/dags/scripts/test.py
[2024-03-19T18:48:31.636+0000] {logging_mixin.py:188} INFO - [2024-03-19T18:48:31.631+0000] {baseoperator.py:129} WARNING - Implicitly converting 'retries' from False to int
[2024-03-19T18:48:31.644+0000] {logging_mixin.py:188} INFO - [2024-03-19T18:48:31.644+0000] {baseoperator.py:129} WARNING - Implicitly converting 'retries' from False to int
[2024-03-19T18:48:31.654+0000] {processor.py:840} INFO - DAG(s) 'data_pipeline2' retrieved from /opt/airflow/dags/scripts/test.py
[2024-03-19T18:48:31.732+0000] {logging_mixin.py:188} INFO - [2024-03-19T18:48:31.731+0000] {dag.py:3047} INFO - Sync 1 DAGs
[2024-03-19T18:48:31.792+0000] {logging_mixin.py:188} INFO - [2024-03-19T18:48:31.792+0000] {dag.py:3834} INFO - Setting next_dagrun for data_pipeline2 to 2024-03-19 00:00:00+00:00, run_after=2024-03-20 00:00:00+00:00
[2024-03-19T18:48:31.847+0000] {processor.py:183} INFO - Processing /opt/airflow/dags/scripts/test.py took 4.190 seconds
[2024-03-19T18:49:02.939+0000] {processor.py:161} INFO - Started process (PID=98043) to work on /opt/airflow/dags/scripts/test.py
[2024-03-19T18:49:02.957+0000] {processor.py:830} INFO - Processing file /opt/airflow/dags/scripts/test.py for tasks to queue
[2024-03-19T18:49:02.978+0000] {logging_mixin.py:188} INFO - [2024-03-19T18:49:02.977+0000] {dagbag.py:540} INFO - Filling up the DagBag from /opt/airflow/dags/scripts/test.py
[2024-03-19T18:49:07.173+0000] {logging_mixin.py:188} INFO - [2024-03-19T18:49:07.151+0000] {baseoperator.py:129} WARNING - Implicitly converting 'retries' from False to int
[2024-03-19T18:49:07.188+0000] {logging_mixin.py:188} INFO - [2024-03-19T18:49:07.188+0000] {baseoperator.py:129} WARNING - Implicitly converting 'retries' from False to int
[2024-03-19T18:49:07.216+0000] {processor.py:840} INFO - DAG(s) 'data_pipeline2' retrieved from /opt/airflow/dags/scripts/test.py
[2024-03-19T18:49:07.629+0000] {logging_mixin.py:188} INFO - [2024-03-19T18:49:07.602+0000] {dag.py:3047} INFO - Sync 1 DAGs
[2024-03-19T18:49:07.758+0000] {logging_mixin.py:188} INFO - [2024-03-19T18:49:07.757+0000] {dag.py:3834} INFO - Setting next_dagrun for data_pipeline2 to 2024-03-19 00:00:00+00:00, run_after=2024-03-20 00:00:00+00:00
[2024-03-19T18:49:07.861+0000] {processor.py:183} INFO - Processing /opt/airflow/dags/scripts/test.py took 4.940 seconds
[2024-03-19T18:49:38.399+0000] {processor.py:161} INFO - Started process (PID=98301) to work on /opt/airflow/dags/scripts/test.py
[2024-03-19T18:49:38.418+0000] {processor.py:830} INFO - Processing file /opt/airflow/dags/scripts/test.py for tasks to queue
[2024-03-19T18:49:38.432+0000] {logging_mixin.py:188} INFO - [2024-03-19T18:49:38.430+0000] {dagbag.py:540} INFO - Filling up the DagBag from /opt/airflow/dags/scripts/test.py
[2024-03-19T18:49:41.147+0000] {logging_mixin.py:188} INFO - [2024-03-19T18:49:41.144+0000] {baseoperator.py:129} WARNING - Implicitly converting 'retries' from False to int
[2024-03-19T18:49:41.158+0000] {logging_mixin.py:188} INFO - [2024-03-19T18:49:41.157+0000] {baseoperator.py:129} WARNING - Implicitly converting 'retries' from False to int
[2024-03-19T18:49:41.164+0000] {processor.py:840} INFO - DAG(s) 'data_pipeline2' retrieved from /opt/airflow/dags/scripts/test.py
[2024-03-19T18:49:41.292+0000] {logging_mixin.py:188} INFO - [2024-03-19T18:49:41.281+0000] {dag.py:3047} INFO - Sync 1 DAGs
[2024-03-19T18:49:41.373+0000] {logging_mixin.py:188} INFO - [2024-03-19T18:49:41.373+0000] {dag.py:3834} INFO - Setting next_dagrun for data_pipeline2 to 2024-03-19 00:00:00+00:00, run_after=2024-03-20 00:00:00+00:00
[2024-03-19T18:49:41.448+0000] {processor.py:183} INFO - Processing /opt/airflow/dags/scripts/test.py took 3.075 seconds
[2024-03-19T18:50:12.075+0000] {processor.py:161} INFO - Started process (PID=98560) to work on /opt/airflow/dags/scripts/test.py
[2024-03-19T18:50:12.081+0000] {processor.py:830} INFO - Processing file /opt/airflow/dags/scripts/test.py for tasks to queue
[2024-03-19T18:50:12.088+0000] {logging_mixin.py:188} INFO - [2024-03-19T18:50:12.088+0000] {dagbag.py:540} INFO - Filling up the DagBag from /opt/airflow/dags/scripts/test.py
[2024-03-19T18:50:14.583+0000] {logging_mixin.py:188} INFO - [2024-03-19T18:50:14.580+0000] {baseoperator.py:129} WARNING - Implicitly converting 'retries' from False to int
[2024-03-19T18:50:14.592+0000] {logging_mixin.py:188} INFO - [2024-03-19T18:50:14.592+0000] {baseoperator.py:129} WARNING - Implicitly converting 'retries' from False to int
[2024-03-19T18:50:14.601+0000] {processor.py:840} INFO - DAG(s) 'data_pipeline2' retrieved from /opt/airflow/dags/scripts/test.py
[2024-03-19T18:50:14.662+0000] {logging_mixin.py:188} INFO - [2024-03-19T18:50:14.661+0000] {dag.py:3047} INFO - Sync 1 DAGs
[2024-03-19T18:50:14.696+0000] {logging_mixin.py:188} INFO - [2024-03-19T18:50:14.696+0000] {dag.py:3834} INFO - Setting next_dagrun for data_pipeline2 to 2024-03-19 00:00:00+00:00, run_after=2024-03-20 00:00:00+00:00
[2024-03-19T18:50:14.726+0000] {processor.py:183} INFO - Processing /opt/airflow/dags/scripts/test.py took 2.672 seconds
[2024-03-19T18:50:44.984+0000] {processor.py:161} INFO - Started process (PID=98818) to work on /opt/airflow/dags/scripts/test.py
[2024-03-19T18:50:44.991+0000] {processor.py:830} INFO - Processing file /opt/airflow/dags/scripts/test.py for tasks to queue
[2024-03-19T18:50:45.005+0000] {logging_mixin.py:188} INFO - [2024-03-19T18:50:45.002+0000] {dagbag.py:540} INFO - Filling up the DagBag from /opt/airflow/dags/scripts/test.py
[2024-03-19T18:50:46.680+0000] {logging_mixin.py:188} INFO - [2024-03-19T18:50:46.678+0000] {baseoperator.py:129} WARNING - Implicitly converting 'retries' from False to int
[2024-03-19T18:50:46.685+0000] {logging_mixin.py:188} INFO - [2024-03-19T18:50:46.685+0000] {baseoperator.py:129} WARNING - Implicitly converting 'retries' from False to int
[2024-03-19T18:50:46.689+0000] {processor.py:840} INFO - DAG(s) 'data_pipeline2' retrieved from /opt/airflow/dags/scripts/test.py
[2024-03-19T18:50:46.726+0000] {logging_mixin.py:188} INFO - [2024-03-19T18:50:46.725+0000] {dag.py:3047} INFO - Sync 1 DAGs
[2024-03-19T18:50:46.752+0000] {logging_mixin.py:188} INFO - [2024-03-19T18:50:46.752+0000] {dag.py:3834} INFO - Setting next_dagrun for data_pipeline2 to 2024-03-19 00:00:00+00:00, run_after=2024-03-20 00:00:00+00:00
[2024-03-19T18:50:46.772+0000] {processor.py:183} INFO - Processing /opt/airflow/dags/scripts/test.py took 1.808 seconds
[2024-03-19T18:51:17.854+0000] {processor.py:161} INFO - Started process (PID=99084) to work on /opt/airflow/dags/scripts/test.py
[2024-03-19T18:51:17.861+0000] {processor.py:830} INFO - Processing file /opt/airflow/dags/scripts/test.py for tasks to queue
[2024-03-19T18:51:17.864+0000] {logging_mixin.py:188} INFO - [2024-03-19T18:51:17.864+0000] {dagbag.py:540} INFO - Filling up the DagBag from /opt/airflow/dags/scripts/test.py
[2024-03-19T18:51:19.338+0000] {logging_mixin.py:188} INFO - [2024-03-19T18:51:19.337+0000] {baseoperator.py:129} WARNING - Implicitly converting 'retries' from False to int
[2024-03-19T18:51:19.342+0000] {logging_mixin.py:188} INFO - [2024-03-19T18:51:19.342+0000] {baseoperator.py:129} WARNING - Implicitly converting 'retries' from False to int
[2024-03-19T18:51:19.345+0000] {processor.py:840} INFO - DAG(s) 'data_pipeline2' retrieved from /opt/airflow/dags/scripts/test.py
[2024-03-19T18:51:19.377+0000] {logging_mixin.py:188} INFO - [2024-03-19T18:51:19.377+0000] {dag.py:3047} INFO - Sync 1 DAGs
[2024-03-19T18:51:19.396+0000] {logging_mixin.py:188} INFO - [2024-03-19T18:51:19.396+0000] {dag.py:3834} INFO - Setting next_dagrun for data_pipeline2 to 2024-03-19 00:00:00+00:00, run_after=2024-03-20 00:00:00+00:00
[2024-03-19T18:51:19.410+0000] {processor.py:183} INFO - Processing /opt/airflow/dags/scripts/test.py took 1.562 seconds
[2024-03-19T18:51:50.131+0000] {processor.py:161} INFO - Started process (PID=99343) to work on /opt/airflow/dags/scripts/test.py
[2024-03-19T18:51:50.137+0000] {processor.py:830} INFO - Processing file /opt/airflow/dags/scripts/test.py for tasks to queue
[2024-03-19T18:51:50.143+0000] {logging_mixin.py:188} INFO - [2024-03-19T18:51:50.141+0000] {dagbag.py:540} INFO - Filling up the DagBag from /opt/airflow/dags/scripts/test.py
[2024-03-19T18:51:52.614+0000] {logging_mixin.py:188} INFO - [2024-03-19T18:51:52.612+0000] {baseoperator.py:129} WARNING - Implicitly converting 'retries' from False to int
[2024-03-19T18:51:52.621+0000] {logging_mixin.py:188} INFO - [2024-03-19T18:51:52.621+0000] {baseoperator.py:129} WARNING - Implicitly converting 'retries' from False to int
[2024-03-19T18:51:52.626+0000] {processor.py:840} INFO - DAG(s) 'data_pipeline2' retrieved from /opt/airflow/dags/scripts/test.py
[2024-03-19T18:51:52.702+0000] {logging_mixin.py:188} INFO - [2024-03-19T18:51:52.702+0000] {dag.py:3047} INFO - Sync 1 DAGs
[2024-03-19T18:51:52.750+0000] {logging_mixin.py:188} INFO - [2024-03-19T18:51:52.749+0000] {dag.py:3834} INFO - Setting next_dagrun for data_pipeline2 to 2024-03-19 00:00:00+00:00, run_after=2024-03-20 00:00:00+00:00
[2024-03-19T18:51:52.777+0000] {processor.py:183} INFO - Processing /opt/airflow/dags/scripts/test.py took 2.672 seconds
[2024-03-19T18:52:23.160+0000] {processor.py:161} INFO - Started process (PID=99602) to work on /opt/airflow/dags/scripts/test.py
[2024-03-19T18:52:23.165+0000] {processor.py:830} INFO - Processing file /opt/airflow/dags/scripts/test.py for tasks to queue
[2024-03-19T18:52:23.170+0000] {logging_mixin.py:188} INFO - [2024-03-19T18:52:23.169+0000] {dagbag.py:540} INFO - Filling up the DagBag from /opt/airflow/dags/scripts/test.py
[2024-03-19T18:52:24.780+0000] {logging_mixin.py:188} INFO - [2024-03-19T18:52:24.776+0000] {baseoperator.py:129} WARNING - Implicitly converting 'retries' from False to int
[2024-03-19T18:52:24.789+0000] {logging_mixin.py:188} INFO - [2024-03-19T18:52:24.788+0000] {baseoperator.py:129} WARNING - Implicitly converting 'retries' from False to int
[2024-03-19T18:52:24.798+0000] {processor.py:840} INFO - DAG(s) 'data_pipeline2' retrieved from /opt/airflow/dags/scripts/test.py
[2024-03-19T18:52:24.889+0000] {logging_mixin.py:188} INFO - [2024-03-19T18:52:24.889+0000] {dag.py:3047} INFO - Sync 1 DAGs
[2024-03-19T18:52:24.936+0000] {logging_mixin.py:188} INFO - [2024-03-19T18:52:24.935+0000] {dag.py:3834} INFO - Setting next_dagrun for data_pipeline2 to 2024-03-19 00:00:00+00:00, run_after=2024-03-20 00:00:00+00:00
[2024-03-19T18:52:24.974+0000] {processor.py:183} INFO - Processing /opt/airflow/dags/scripts/test.py took 1.822 seconds
[2024-03-19T18:52:55.455+0000] {processor.py:161} INFO - Started process (PID=99861) to work on /opt/airflow/dags/scripts/test.py
[2024-03-19T18:52:55.459+0000] {processor.py:830} INFO - Processing file /opt/airflow/dags/scripts/test.py for tasks to queue
[2024-03-19T18:52:55.462+0000] {logging_mixin.py:188} INFO - [2024-03-19T18:52:55.461+0000] {dagbag.py:540} INFO - Filling up the DagBag from /opt/airflow/dags/scripts/test.py
[2024-03-19T18:52:57.046+0000] {logging_mixin.py:188} INFO - [2024-03-19T18:52:57.044+0000] {baseoperator.py:129} WARNING - Implicitly converting 'retries' from False to int
[2024-03-19T18:52:57.051+0000] {logging_mixin.py:188} INFO - [2024-03-19T18:52:57.051+0000] {baseoperator.py:129} WARNING - Implicitly converting 'retries' from False to int
[2024-03-19T18:52:57.054+0000] {processor.py:840} INFO - DAG(s) 'data_pipeline2' retrieved from /opt/airflow/dags/scripts/test.py
[2024-03-19T18:52:57.085+0000] {logging_mixin.py:188} INFO - [2024-03-19T18:52:57.085+0000] {dag.py:3047} INFO - Sync 1 DAGs
[2024-03-19T18:52:57.108+0000] {logging_mixin.py:188} INFO - [2024-03-19T18:52:57.108+0000] {dag.py:3834} INFO - Setting next_dagrun for data_pipeline2 to 2024-03-19 00:00:00+00:00, run_after=2024-03-20 00:00:00+00:00
[2024-03-19T18:52:57.123+0000] {processor.py:183} INFO - Processing /opt/airflow/dags/scripts/test.py took 1.681 seconds
[2024-03-19T18:53:27.979+0000] {processor.py:161} INFO - Started process (PID=418) to work on /opt/airflow/dags/scripts/test.py
[2024-03-19T18:53:27.986+0000] {processor.py:830} INFO - Processing file /opt/airflow/dags/scripts/test.py for tasks to queue
[2024-03-19T18:53:27.998+0000] {logging_mixin.py:188} INFO - [2024-03-19T18:53:27.996+0000] {dagbag.py:540} INFO - Filling up the DagBag from /opt/airflow/dags/scripts/test.py
[2024-03-19T18:53:30.636+0000] {logging_mixin.py:188} INFO - [2024-03-19T18:53:30.632+0000] {baseoperator.py:129} WARNING - Implicitly converting 'retries' from False to int
[2024-03-19T18:53:30.658+0000] {logging_mixin.py:188} INFO - [2024-03-19T18:53:30.657+0000] {baseoperator.py:129} WARNING - Implicitly converting 'retries' from False to int
[2024-03-19T18:53:30.682+0000] {processor.py:840} INFO - DAG(s) 'data_pipeline2' retrieved from /opt/airflow/dags/scripts/test.py
[2024-03-19T18:53:30.789+0000] {logging_mixin.py:188} INFO - [2024-03-19T18:53:30.788+0000] {dag.py:3047} INFO - Sync 1 DAGs
[2024-03-19T18:53:30.842+0000] {logging_mixin.py:188} INFO - [2024-03-19T18:53:30.841+0000] {dag.py:3834} INFO - Setting next_dagrun for data_pipeline2 to 2024-03-19 00:00:00+00:00, run_after=2024-03-20 00:00:00+00:00
[2024-03-19T18:53:30.891+0000] {processor.py:183} INFO - Processing /opt/airflow/dags/scripts/test.py took 2.951 seconds
[2024-03-19T18:54:01.628+0000] {processor.py:161} INFO - Started process (PID=703) to work on /opt/airflow/dags/scripts/test.py
[2024-03-19T18:54:01.633+0000] {processor.py:830} INFO - Processing file /opt/airflow/dags/scripts/test.py for tasks to queue
[2024-03-19T18:54:01.636+0000] {logging_mixin.py:188} INFO - [2024-03-19T18:54:01.636+0000] {dagbag.py:540} INFO - Filling up the DagBag from /opt/airflow/dags/scripts/test.py
[2024-03-19T18:54:03.176+0000] {logging_mixin.py:188} INFO - [2024-03-19T18:54:03.175+0000] {baseoperator.py:129} WARNING - Implicitly converting 'retries' from False to int
[2024-03-19T18:54:03.179+0000] {logging_mixin.py:188} INFO - [2024-03-19T18:54:03.179+0000] {baseoperator.py:129} WARNING - Implicitly converting 'retries' from False to int
[2024-03-19T18:54:03.181+0000] {processor.py:840} INFO - DAG(s) 'data_pipeline2' retrieved from /opt/airflow/dags/scripts/test.py
[2024-03-19T18:54:03.217+0000] {logging_mixin.py:188} INFO - [2024-03-19T18:54:03.216+0000] {dag.py:3047} INFO - Sync 1 DAGs
[2024-03-19T18:54:03.242+0000] {logging_mixin.py:188} INFO - [2024-03-19T18:54:03.241+0000] {dag.py:3834} INFO - Setting next_dagrun for data_pipeline2 to 2024-03-19 00:00:00+00:00, run_after=2024-03-20 00:00:00+00:00
[2024-03-19T18:54:03.266+0000] {processor.py:183} INFO - Processing /opt/airflow/dags/scripts/test.py took 1.642 seconds
[2024-03-19T18:54:33.356+0000] {processor.py:161} INFO - Started process (PID=977) to work on /opt/airflow/dags/scripts/test.py
[2024-03-19T18:54:33.361+0000] {processor.py:830} INFO - Processing file /opt/airflow/dags/scripts/test.py for tasks to queue
[2024-03-19T18:54:33.364+0000] {logging_mixin.py:188} INFO - [2024-03-19T18:54:33.363+0000] {dagbag.py:540} INFO - Filling up the DagBag from /opt/airflow/dags/scripts/test.py
[2024-03-19T18:54:35.715+0000] {logging_mixin.py:188} INFO - [2024-03-19T18:54:35.708+0000] {baseoperator.py:129} WARNING - Implicitly converting 'retries' from False to int
[2024-03-19T18:54:35.749+0000] {logging_mixin.py:188} INFO - [2024-03-19T18:54:35.746+0000] {baseoperator.py:129} WARNING - Implicitly converting 'retries' from False to int
[2024-03-19T18:54:35.778+0000] {processor.py:840} INFO - DAG(s) 'data_pipeline2' retrieved from /opt/airflow/dags/scripts/test.py
[2024-03-19T18:54:35.880+0000] {logging_mixin.py:188} INFO - [2024-03-19T18:54:35.876+0000] {dag.py:3047} INFO - Sync 1 DAGs
[2024-03-19T18:54:35.933+0000] {logging_mixin.py:188} INFO - [2024-03-19T18:54:35.932+0000] {dag.py:3834} INFO - Setting next_dagrun for data_pipeline2 to 2024-03-19 00:00:00+00:00, run_after=2024-03-20 00:00:00+00:00
[2024-03-19T18:54:36.000+0000] {processor.py:183} INFO - Processing /opt/airflow/dags/scripts/test.py took 2.651 seconds
[2024-03-19T18:55:06.204+0000] {processor.py:161} INFO - Started process (PID=1253) to work on /opt/airflow/dags/scripts/test.py
[2024-03-19T18:55:06.209+0000] {processor.py:830} INFO - Processing file /opt/airflow/dags/scripts/test.py for tasks to queue
[2024-03-19T18:55:06.213+0000] {logging_mixin.py:188} INFO - [2024-03-19T18:55:06.212+0000] {dagbag.py:540} INFO - Filling up the DagBag from /opt/airflow/dags/scripts/test.py
[2024-03-19T18:55:08.343+0000] {logging_mixin.py:188} INFO - [2024-03-19T18:55:08.340+0000] {baseoperator.py:129} WARNING - Implicitly converting 'retries' from False to int
[2024-03-19T18:55:08.350+0000] {logging_mixin.py:188} INFO - [2024-03-19T18:55:08.349+0000] {baseoperator.py:129} WARNING - Implicitly converting 'retries' from False to int
[2024-03-19T18:55:08.358+0000] {processor.py:840} INFO - DAG(s) 'data_pipeline2' retrieved from /opt/airflow/dags/scripts/test.py
[2024-03-19T18:55:08.418+0000] {logging_mixin.py:188} INFO - [2024-03-19T18:55:08.417+0000] {dag.py:3047} INFO - Sync 1 DAGs
[2024-03-19T18:55:08.451+0000] {logging_mixin.py:188} INFO - [2024-03-19T18:55:08.451+0000] {dag.py:3834} INFO - Setting next_dagrun for data_pipeline2 to 2024-03-19 00:00:00+00:00, run_after=2024-03-20 00:00:00+00:00
[2024-03-19T18:55:08.496+0000] {processor.py:183} INFO - Processing /opt/airflow/dags/scripts/test.py took 2.297 seconds
[2024-03-19T18:55:38.698+0000] {processor.py:161} INFO - Started process (PID=1532) to work on /opt/airflow/dags/scripts/test.py
[2024-03-19T18:55:38.703+0000] {processor.py:830} INFO - Processing file /opt/airflow/dags/scripts/test.py for tasks to queue
[2024-03-19T18:55:38.707+0000] {logging_mixin.py:188} INFO - [2024-03-19T18:55:38.706+0000] {dagbag.py:540} INFO - Filling up the DagBag from /opt/airflow/dags/scripts/test.py
[2024-03-19T18:55:44.266+0000] {logging_mixin.py:188} INFO - [2024-03-19T18:55:44.260+0000] {baseoperator.py:129} WARNING - Implicitly converting 'retries' from False to int
[2024-03-19T18:55:44.278+0000] {logging_mixin.py:188} INFO - [2024-03-19T18:55:44.277+0000] {baseoperator.py:129} WARNING - Implicitly converting 'retries' from False to int
[2024-03-19T18:55:44.292+0000] {processor.py:840} INFO - DAG(s) 'data_pipeline2' retrieved from /opt/airflow/dags/scripts/test.py
[2024-03-19T18:55:44.410+0000] {logging_mixin.py:188} INFO - [2024-03-19T18:55:44.409+0000] {dag.py:3047} INFO - Sync 1 DAGs
[2024-03-19T18:55:44.478+0000] {logging_mixin.py:188} INFO - [2024-03-19T18:55:44.477+0000] {dag.py:3834} INFO - Setting next_dagrun for data_pipeline2 to 2024-03-19 00:00:00+00:00, run_after=2024-03-20 00:00:00+00:00
[2024-03-19T18:55:44.571+0000] {processor.py:183} INFO - Processing /opt/airflow/dags/scripts/test.py took 5.878 seconds
[2024-03-19T18:56:17.580+0000] {processor.py:161} INFO - Started process (PID=1842) to work on /opt/airflow/dags/scripts/test.py
[2024-03-19T18:56:17.597+0000] {processor.py:830} INFO - Processing file /opt/airflow/dags/scripts/test.py for tasks to queue
[2024-03-19T18:56:17.604+0000] {logging_mixin.py:188} INFO - [2024-03-19T18:56:17.603+0000] {dagbag.py:540} INFO - Filling up the DagBag from /opt/airflow/dags/scripts/test.py
[2024-03-19T18:56:21.422+0000] {logging_mixin.py:188} INFO - [2024-03-19T18:56:21.417+0000] {baseoperator.py:129} WARNING - Implicitly converting 'retries' from False to int
[2024-03-19T18:56:21.434+0000] {logging_mixin.py:188} INFO - [2024-03-19T18:56:21.433+0000] {baseoperator.py:129} WARNING - Implicitly converting 'retries' from False to int
[2024-03-19T18:56:21.450+0000] {processor.py:840} INFO - DAG(s) 'data_pipeline2' retrieved from /opt/airflow/dags/scripts/test.py
[2024-03-19T18:56:21.623+0000] {logging_mixin.py:188} INFO - [2024-03-19T18:56:21.622+0000] {dag.py:3047} INFO - Sync 1 DAGs
[2024-03-19T18:56:21.734+0000] {logging_mixin.py:188} INFO - [2024-03-19T18:56:21.733+0000] {dag.py:3834} INFO - Setting next_dagrun for data_pipeline2 to 2024-03-19 00:00:00+00:00, run_after=2024-03-20 00:00:00+00:00
[2024-03-19T18:56:21.821+0000] {processor.py:183} INFO - Processing /opt/airflow/dags/scripts/test.py took 4.263 seconds
[2024-03-19T18:56:52.543+0000] {processor.py:161} INFO - Started process (PID=2122) to work on /opt/airflow/dags/scripts/test.py
[2024-03-19T18:56:52.549+0000] {processor.py:830} INFO - Processing file /opt/airflow/dags/scripts/test.py for tasks to queue
[2024-03-19T18:56:52.555+0000] {logging_mixin.py:188} INFO - [2024-03-19T18:56:52.554+0000] {dagbag.py:540} INFO - Filling up the DagBag from /opt/airflow/dags/scripts/test.py
[2024-03-19T18:56:54.882+0000] {logging_mixin.py:188} INFO - [2024-03-19T18:56:54.877+0000] {baseoperator.py:129} WARNING - Implicitly converting 'retries' from False to int
[2024-03-19T18:56:54.887+0000] {logging_mixin.py:188} INFO - [2024-03-19T18:56:54.887+0000] {baseoperator.py:129} WARNING - Implicitly converting 'retries' from False to int
[2024-03-19T18:56:54.896+0000] {processor.py:840} INFO - DAG(s) 'data_pipeline2' retrieved from /opt/airflow/dags/scripts/test.py
[2024-03-19T18:56:54.956+0000] {logging_mixin.py:188} INFO - [2024-03-19T18:56:54.955+0000] {dag.py:3047} INFO - Sync 1 DAGs
[2024-03-19T18:56:55.009+0000] {logging_mixin.py:188} INFO - [2024-03-19T18:56:55.009+0000] {dag.py:3834} INFO - Setting next_dagrun for data_pipeline2 to 2024-03-19 00:00:00+00:00, run_after=2024-03-20 00:00:00+00:00
[2024-03-19T18:56:55.044+0000] {processor.py:183} INFO - Processing /opt/airflow/dags/scripts/test.py took 2.512 seconds
[2024-03-19T18:57:28.570+0000] {processor.py:161} INFO - Started process (PID=2391) to work on /opt/airflow/dags/scripts/test.py
[2024-03-19T18:57:28.591+0000] {processor.py:830} INFO - Processing file /opt/airflow/dags/scripts/test.py for tasks to queue
[2024-03-19T18:57:28.609+0000] {logging_mixin.py:188} INFO - [2024-03-19T18:57:28.607+0000] {dagbag.py:540} INFO - Filling up the DagBag from /opt/airflow/dags/scripts/test.py
[2024-03-19T18:57:32.739+0000] {logging_mixin.py:188} INFO - [2024-03-19T18:57:32.732+0000] {baseoperator.py:129} WARNING - Implicitly converting 'retries' from False to int
[2024-03-19T18:57:32.747+0000] {logging_mixin.py:188} INFO - [2024-03-19T18:57:32.747+0000] {baseoperator.py:129} WARNING - Implicitly converting 'retries' from False to int
[2024-03-19T18:57:32.760+0000] {processor.py:840} INFO - DAG(s) 'data_pipeline2' retrieved from /opt/airflow/dags/scripts/test.py
[2024-03-19T18:57:32.870+0000] {logging_mixin.py:188} INFO - [2024-03-19T18:57:32.868+0000] {dag.py:3047} INFO - Sync 1 DAGs
[2024-03-19T18:57:32.947+0000] {logging_mixin.py:188} INFO - [2024-03-19T18:57:32.946+0000] {dag.py:3834} INFO - Setting next_dagrun for data_pipeline2 to 2024-03-19 00:00:00+00:00, run_after=2024-03-20 00:00:00+00:00
[2024-03-19T18:57:33.173+0000] {processor.py:183} INFO - Processing /opt/airflow/dags/scripts/test.py took 4.632 seconds
[2024-03-19T18:58:03.570+0000] {processor.py:161} INFO - Started process (PID=2669) to work on /opt/airflow/dags/scripts/test.py
[2024-03-19T18:58:03.574+0000] {processor.py:830} INFO - Processing file /opt/airflow/dags/scripts/test.py for tasks to queue
[2024-03-19T18:58:03.577+0000] {logging_mixin.py:188} INFO - [2024-03-19T18:58:03.576+0000] {dagbag.py:540} INFO - Filling up the DagBag from /opt/airflow/dags/scripts/test.py
[2024-03-19T18:58:05.250+0000] {logging_mixin.py:188} INFO - [2024-03-19T18:58:05.248+0000] {baseoperator.py:129} WARNING - Implicitly converting 'retries' from False to int
[2024-03-19T18:58:05.252+0000] {logging_mixin.py:188} INFO - [2024-03-19T18:58:05.252+0000] {baseoperator.py:129} WARNING - Implicitly converting 'retries' from False to int
[2024-03-19T18:58:05.257+0000] {processor.py:840} INFO - DAG(s) 'data_pipeline2' retrieved from /opt/airflow/dags/scripts/test.py
[2024-03-19T18:58:05.292+0000] {logging_mixin.py:188} INFO - [2024-03-19T18:58:05.291+0000] {dag.py:3047} INFO - Sync 1 DAGs
[2024-03-19T18:58:05.319+0000] {logging_mixin.py:188} INFO - [2024-03-19T18:58:05.319+0000] {dag.py:3834} INFO - Setting next_dagrun for data_pipeline2 to 2024-03-19 00:00:00+00:00, run_after=2024-03-20 00:00:00+00:00
[2024-03-19T18:58:05.339+0000] {processor.py:183} INFO - Processing /opt/airflow/dags/scripts/test.py took 1.773 seconds
[2024-03-19T18:58:36.674+0000] {processor.py:161} INFO - Started process (PID=2933) to work on /opt/airflow/dags/scripts/test.py
[2024-03-19T18:58:36.685+0000] {processor.py:830} INFO - Processing file /opt/airflow/dags/scripts/test.py for tasks to queue
[2024-03-19T18:58:36.706+0000] {logging_mixin.py:188} INFO - [2024-03-19T18:58:36.704+0000] {dagbag.py:540} INFO - Filling up the DagBag from /opt/airflow/dags/scripts/test.py
[2024-03-19T18:58:40.335+0000] {logging_mixin.py:188} INFO - [2024-03-19T18:58:40.317+0000] {baseoperator.py:129} WARNING - Implicitly converting 'retries' from False to int
[2024-03-19T18:58:40.348+0000] {logging_mixin.py:188} INFO - [2024-03-19T18:58:40.348+0000] {baseoperator.py:129} WARNING - Implicitly converting 'retries' from False to int
[2024-03-19T18:58:40.382+0000] {processor.py:840} INFO - DAG(s) 'data_pipeline2' retrieved from /opt/airflow/dags/scripts/test.py
[2024-03-19T18:58:40.660+0000] {logging_mixin.py:188} INFO - [2024-03-19T18:58:40.658+0000] {dag.py:3047} INFO - Sync 1 DAGs
[2024-03-19T18:58:40.871+0000] {logging_mixin.py:188} INFO - [2024-03-19T18:58:40.869+0000] {dag.py:3834} INFO - Setting next_dagrun for data_pipeline2 to 2024-03-19 00:00:00+00:00, run_after=2024-03-20 00:00:00+00:00
[2024-03-19T18:58:41.006+0000] {processor.py:183} INFO - Processing /opt/airflow/dags/scripts/test.py took 4.351 seconds
[2024-03-19T18:59:11.783+0000] {processor.py:161} INFO - Started process (PID=3191) to work on /opt/airflow/dags/scripts/test.py
[2024-03-19T18:59:11.787+0000] {processor.py:830} INFO - Processing file /opt/airflow/dags/scripts/test.py for tasks to queue
[2024-03-19T18:59:11.789+0000] {logging_mixin.py:188} INFO - [2024-03-19T18:59:11.789+0000] {dagbag.py:540} INFO - Filling up the DagBag from /opt/airflow/dags/scripts/test.py
[2024-03-19T18:59:13.829+0000] {logging_mixin.py:188} INFO - [2024-03-19T18:59:13.825+0000] {baseoperator.py:129} WARNING - Implicitly converting 'retries' from False to int
[2024-03-19T18:59:13.837+0000] {logging_mixin.py:188} INFO - [2024-03-19T18:59:13.836+0000] {baseoperator.py:129} WARNING - Implicitly converting 'retries' from False to int
[2024-03-19T18:59:13.850+0000] {processor.py:840} INFO - DAG(s) 'data_pipeline2' retrieved from /opt/airflow/dags/scripts/test.py
[2024-03-19T18:59:13.943+0000] {logging_mixin.py:188} INFO - [2024-03-19T18:59:13.942+0000] {dag.py:3047} INFO - Sync 1 DAGs
[2024-03-19T18:59:13.996+0000] {logging_mixin.py:188} INFO - [2024-03-19T18:59:13.995+0000] {dag.py:3834} INFO - Setting next_dagrun for data_pipeline2 to 2024-03-19 00:00:00+00:00, run_after=2024-03-20 00:00:00+00:00
[2024-03-19T18:59:14.046+0000] {processor.py:183} INFO - Processing /opt/airflow/dags/scripts/test.py took 2.274 seconds
[2024-03-19T18:59:56.021+0000] {processor.py:161} INFO - Started process (PID=3457) to work on /opt/airflow/dags/scripts/test.py
[2024-03-19T18:59:56.055+0000] {processor.py:830} INFO - Processing file /opt/airflow/dags/scripts/test.py for tasks to queue
[2024-03-19T18:59:56.112+0000] {logging_mixin.py:188} INFO - [2024-03-19T18:59:56.106+0000] {dagbag.py:540} INFO - Filling up the DagBag from /opt/airflow/dags/scripts/test.py
[2024-03-19T19:00:02.300+0000] {logging_mixin.py:188} INFO - [2024-03-19T19:00:02.290+0000] {baseoperator.py:129} WARNING - Implicitly converting 'retries' from False to int
[2024-03-19T19:00:02.358+0000] {logging_mixin.py:188} INFO - [2024-03-19T19:00:02.357+0000] {baseoperator.py:129} WARNING - Implicitly converting 'retries' from False to int
[2024-03-19T19:00:02.439+0000] {processor.py:840} INFO - DAG(s) 'data_pipeline2' retrieved from /opt/airflow/dags/scripts/test.py
[2024-03-19T19:00:02.947+0000] {logging_mixin.py:188} INFO - [2024-03-19T19:00:02.924+0000] {dag.py:3047} INFO - Sync 1 DAGs
[2024-03-19T19:00:03.358+0000] {logging_mixin.py:188} INFO - [2024-03-19T19:00:03.335+0000] {dag.py:3834} INFO - Setting next_dagrun for data_pipeline2 to 2024-03-19 00:00:00+00:00, run_after=2024-03-20 00:00:00+00:00
[2024-03-19T19:00:03.546+0000] {processor.py:183} INFO - Processing /opt/airflow/dags/scripts/test.py took 7.580 seconds
[2024-03-19T19:00:41.246+0000] {processor.py:161} INFO - Started process (PID=3717) to work on /opt/airflow/dags/scripts/test.py
[2024-03-19T19:00:41.274+0000] {processor.py:830} INFO - Processing file /opt/airflow/dags/scripts/test.py for tasks to queue
[2024-03-19T19:00:41.296+0000] {logging_mixin.py:188} INFO - [2024-03-19T19:00:41.287+0000] {dagbag.py:540} INFO - Filling up the DagBag from /opt/airflow/dags/scripts/test.py
[2024-03-19T19:00:50.112+0000] {logging_mixin.py:188} INFO - [2024-03-19T19:00:50.022+0000] {dagbag.py:350} ERROR - Failed to import: /opt/airflow/dags/scripts/test.py
Traceback (most recent call last):
  File "/home/airflow/.local/lib/python3.8/site-packages/urllib3/connection.py", line 174, in _new_conn
    conn = connection.create_connection(
  File "/home/airflow/.local/lib/python3.8/site-packages/urllib3/util/connection.py", line 72, in create_connection
    for res in socket.getaddrinfo(host, port, family, socket.SOCK_STREAM):
  File "/usr/local/lib/python3.8/socket.py", line 918, in getaddrinfo
    for res in _socket.getaddrinfo(host, port, family, type, proto, flags):
socket.gaierror: [Errno -5] No address associated with hostname

During handling of the above exception, another exception occurred:

Traceback (most recent call last):
  File "/home/airflow/.local/lib/python3.8/site-packages/urllib3/connectionpool.py", line 715, in urlopen
    httplib_response = self._make_request(
  File "/home/airflow/.local/lib/python3.8/site-packages/urllib3/connectionpool.py", line 404, in _make_request
    self._validate_conn(conn)
  File "/home/airflow/.local/lib/python3.8/site-packages/urllib3/connectionpool.py", line 1058, in _validate_conn
    conn.connect()
  File "/home/airflow/.local/lib/python3.8/site-packages/urllib3/connection.py", line 363, in connect
    self.sock = conn = self._new_conn()
  File "/home/airflow/.local/lib/python3.8/site-packages/urllib3/connection.py", line 186, in _new_conn
    raise NewConnectionError(
urllib3.exceptions.NewConnectionError: <urllib3.connection.HTTPSConnection object at 0xffff9103f0a0>: Failed to establish a new connection: [Errno -5] No address associated with hostname

During handling of the above exception, another exception occurred:

Traceback (most recent call last):
  File "/home/airflow/.local/lib/python3.8/site-packages/requests/adapters.py", line 486, in send
    resp = conn.urlopen(
  File "/home/airflow/.local/lib/python3.8/site-packages/urllib3/connectionpool.py", line 799, in urlopen
    retries = retries.increment(
  File "/home/airflow/.local/lib/python3.8/site-packages/urllib3/util/retry.py", line 592, in increment
    raise MaxRetryError(_pool, url, error or ResponseError(cause))
urllib3.exceptions.MaxRetryError: HTTPSConnectionPool(host='tiki.vn', port=443): Max retries exceeded with url: /api/personalish/v1/blocks/listings?limit=40&include=advertisement&aggregations=2&version=home-persionalized&trackity_id=f6aad9cb-889e-bc89-2280-f76da33082dd&category=316&page=1&urlKey=sach-truyen-tieng-viet (Caused by NewConnectionError('<urllib3.connection.HTTPSConnection object at 0xffff9103f0a0>: Failed to establish a new connection: [Errno -5] No address associated with hostname'))

During handling of the above exception, another exception occurred:

Traceback (most recent call last):
  File "/home/airflow/.local/lib/python3.8/site-packages/airflow/models/dagbag.py", line 346, in parse
    loader.exec_module(new_module)
  File "<frozen importlib._bootstrap_external>", line 843, in exec_module
  File "<frozen importlib._bootstrap>", line 219, in _call_with_frames_removed
  File "/opt/airflow/dags/scripts/test.py", line 8, in <module>
    import scripts.extract_product_id
  File "/opt/airflow/dags/scripts/extract_product_id.py", line 29, in <module>
    requests.get(url, headers=headers, params=params)
  File "/home/airflow/.local/lib/python3.8/site-packages/requests/api.py", line 73, in get
    return request("get", url, params=params, **kwargs)
  File "/home/airflow/.local/lib/python3.8/site-packages/requests/api.py", line 59, in request
    return session.request(method=method, url=url, **kwargs)
  File "/home/airflow/.local/lib/python3.8/site-packages/requests/sessions.py", line 589, in request
    resp = self.send(prep, **send_kwargs)
  File "/home/airflow/.local/lib/python3.8/site-packages/requests/sessions.py", line 703, in send
    r = adapter.send(request, **kwargs)
  File "/home/airflow/.local/lib/python3.8/site-packages/requests/adapters.py", line 519, in send
    raise ConnectionError(e, request=request)
requests.exceptions.ConnectionError: HTTPSConnectionPool(host='tiki.vn', port=443): Max retries exceeded with url: /api/personalish/v1/blocks/listings?limit=40&include=advertisement&aggregations=2&version=home-persionalized&trackity_id=f6aad9cb-889e-bc89-2280-f76da33082dd&category=316&page=1&urlKey=sach-truyen-tieng-viet (Caused by NewConnectionError('<urllib3.connection.HTTPSConnection object at 0xffff9103f0a0>: Failed to establish a new connection: [Errno -5] No address associated with hostname'))
[2024-03-19T19:00:50.161+0000] {processor.py:842} WARNING - No viable dags retrieved from /opt/airflow/dags/scripts/test.py
[2024-03-19T19:00:50.368+0000] {processor.py:183} INFO - Processing /opt/airflow/dags/scripts/test.py took 9.170 seconds
[2024-03-19T19:01:27.597+0000] {processor.py:161} INFO - Started process (PID=3987) to work on /opt/airflow/dags/scripts/test.py
[2024-03-19T19:01:27.623+0000] {processor.py:830} INFO - Processing file /opt/airflow/dags/scripts/test.py for tasks to queue
[2024-03-19T19:01:27.659+0000] {logging_mixin.py:188} INFO - [2024-03-19T19:01:27.643+0000] {dagbag.py:540} INFO - Filling up the DagBag from /opt/airflow/dags/scripts/test.py
[2024-03-19T19:01:34.332+0000] {logging_mixin.py:188} INFO - [2024-03-19T19:01:34.266+0000] {dagbag.py:350} ERROR - Failed to import: /opt/airflow/dags/scripts/test.py
Traceback (most recent call last):
  File "/home/airflow/.local/lib/python3.8/site-packages/urllib3/connection.py", line 174, in _new_conn
    conn = connection.create_connection(
  File "/home/airflow/.local/lib/python3.8/site-packages/urllib3/util/connection.py", line 72, in create_connection
    for res in socket.getaddrinfo(host, port, family, socket.SOCK_STREAM):
  File "/usr/local/lib/python3.8/socket.py", line 918, in getaddrinfo
    for res in _socket.getaddrinfo(host, port, family, type, proto, flags):
socket.gaierror: [Errno -5] No address associated with hostname

During handling of the above exception, another exception occurred:

Traceback (most recent call last):
  File "/home/airflow/.local/lib/python3.8/site-packages/urllib3/connectionpool.py", line 715, in urlopen
    httplib_response = self._make_request(
  File "/home/airflow/.local/lib/python3.8/site-packages/urllib3/connectionpool.py", line 404, in _make_request
    self._validate_conn(conn)
  File "/home/airflow/.local/lib/python3.8/site-packages/urllib3/connectionpool.py", line 1058, in _validate_conn
    conn.connect()
  File "/home/airflow/.local/lib/python3.8/site-packages/urllib3/connection.py", line 363, in connect
    self.sock = conn = self._new_conn()
  File "/home/airflow/.local/lib/python3.8/site-packages/urllib3/connection.py", line 186, in _new_conn
    raise NewConnectionError(
urllib3.exceptions.NewConnectionError: <urllib3.connection.HTTPSConnection object at 0xffff9103f0a0>: Failed to establish a new connection: [Errno -5] No address associated with hostname

During handling of the above exception, another exception occurred:

Traceback (most recent call last):
  File "/home/airflow/.local/lib/python3.8/site-packages/requests/adapters.py", line 486, in send
    resp = conn.urlopen(
  File "/home/airflow/.local/lib/python3.8/site-packages/urllib3/connectionpool.py", line 799, in urlopen
    retries = retries.increment(
  File "/home/airflow/.local/lib/python3.8/site-packages/urllib3/util/retry.py", line 592, in increment
    raise MaxRetryError(_pool, url, error or ResponseError(cause))
urllib3.exceptions.MaxRetryError: HTTPSConnectionPool(host='tiki.vn', port=443): Max retries exceeded with url: /api/personalish/v1/blocks/listings?limit=40&include=advertisement&aggregations=2&version=home-persionalized&trackity_id=f6aad9cb-889e-bc89-2280-f76da33082dd&category=316&page=1&urlKey=sach-truyen-tieng-viet (Caused by NewConnectionError('<urllib3.connection.HTTPSConnection object at 0xffff9103f0a0>: Failed to establish a new connection: [Errno -5] No address associated with hostname'))

During handling of the above exception, another exception occurred:

Traceback (most recent call last):
  File "/home/airflow/.local/lib/python3.8/site-packages/airflow/models/dagbag.py", line 346, in parse
    loader.exec_module(new_module)
  File "<frozen importlib._bootstrap_external>", line 843, in exec_module
  File "<frozen importlib._bootstrap>", line 219, in _call_with_frames_removed
  File "/opt/airflow/dags/scripts/test.py", line 8, in <module>
    import scripts.extract_product_id
  File "/opt/airflow/dags/scripts/extract_product_id.py", line 29, in <module>
    requests.get(url, headers=headers, params=params)
  File "/home/airflow/.local/lib/python3.8/site-packages/requests/api.py", line 73, in get
    return request("get", url, params=params, **kwargs)
  File "/home/airflow/.local/lib/python3.8/site-packages/requests/api.py", line 59, in request
    return session.request(method=method, url=url, **kwargs)
  File "/home/airflow/.local/lib/python3.8/site-packages/requests/sessions.py", line 589, in request
    resp = self.send(prep, **send_kwargs)
  File "/home/airflow/.local/lib/python3.8/site-packages/requests/sessions.py", line 703, in send
    r = adapter.send(request, **kwargs)
  File "/home/airflow/.local/lib/python3.8/site-packages/requests/adapters.py", line 519, in send
    raise ConnectionError(e, request=request)
requests.exceptions.ConnectionError: HTTPSConnectionPool(host='tiki.vn', port=443): Max retries exceeded with url: /api/personalish/v1/blocks/listings?limit=40&include=advertisement&aggregations=2&version=home-persionalized&trackity_id=f6aad9cb-889e-bc89-2280-f76da33082dd&category=316&page=1&urlKey=sach-truyen-tieng-viet (Caused by NewConnectionError('<urllib3.connection.HTTPSConnection object at 0xffff9103f0a0>: Failed to establish a new connection: [Errno -5] No address associated with hostname'))
[2024-03-19T19:01:34.378+0000] {processor.py:842} WARNING - No viable dags retrieved from /opt/airflow/dags/scripts/test.py
[2024-03-19T19:01:34.913+0000] {processor.py:183} INFO - Processing /opt/airflow/dags/scripts/test.py took 7.368 seconds
[2024-03-19T19:02:06.415+0000] {processor.py:161} INFO - Started process (PID=4261) to work on /opt/airflow/dags/scripts/test.py
[2024-03-19T19:02:06.475+0000] {processor.py:830} INFO - Processing file /opt/airflow/dags/scripts/test.py for tasks to queue
[2024-03-19T19:02:06.524+0000] {logging_mixin.py:188} INFO - [2024-03-19T19:02:06.502+0000] {dagbag.py:540} INFO - Filling up the DagBag from /opt/airflow/dags/scripts/test.py
[2024-03-19T19:02:21.628+0000] {logging_mixin.py:188} INFO - [2024-03-19T19:02:21.617+0000] {baseoperator.py:129} WARNING - Implicitly converting 'retries' from False to int
[2024-03-19T19:02:21.640+0000] {logging_mixin.py:188} INFO - [2024-03-19T19:02:21.639+0000] {baseoperator.py:129} WARNING - Implicitly converting 'retries' from False to int
[2024-03-19T19:02:21.682+0000] {processor.py:840} INFO - DAG(s) 'data_pipeline2' retrieved from /opt/airflow/dags/scripts/test.py
[2024-03-19T19:02:21.825+0000] {logging_mixin.py:188} INFO - [2024-03-19T19:02:21.824+0000] {dag.py:3047} INFO - Sync 1 DAGs
[2024-03-19T19:02:21.943+0000] {logging_mixin.py:188} INFO - [2024-03-19T19:02:21.942+0000] {dag.py:3834} INFO - Setting next_dagrun for data_pipeline2 to 2024-03-19 00:00:00+00:00, run_after=2024-03-20 00:00:00+00:00
[2024-03-19T19:02:22.037+0000] {processor.py:183} INFO - Processing /opt/airflow/dags/scripts/test.py took 15.687 seconds
[2024-03-19T19:02:53.157+0000] {processor.py:161} INFO - Started process (PID=4597) to work on /opt/airflow/dags/scripts/test.py
[2024-03-19T19:02:53.173+0000] {processor.py:830} INFO - Processing file /opt/airflow/dags/scripts/test.py for tasks to queue
[2024-03-19T19:02:53.180+0000] {logging_mixin.py:188} INFO - [2024-03-19T19:02:53.179+0000] {dagbag.py:540} INFO - Filling up the DagBag from /opt/airflow/dags/scripts/test.py
[2024-03-19T19:02:58.110+0000] {logging_mixin.py:188} INFO - [2024-03-19T19:02:58.090+0000] {baseoperator.py:129} WARNING - Implicitly converting 'retries' from False to int
[2024-03-19T19:02:58.142+0000] {logging_mixin.py:188} INFO - [2024-03-19T19:02:58.141+0000] {baseoperator.py:129} WARNING - Implicitly converting 'retries' from False to int
[2024-03-19T19:02:58.179+0000] {processor.py:840} INFO - DAG(s) 'data_pipeline2' retrieved from /opt/airflow/dags/scripts/test.py
[2024-03-19T19:02:58.364+0000] {logging_mixin.py:188} INFO - [2024-03-19T19:02:58.362+0000] {dag.py:3047} INFO - Sync 1 DAGs
[2024-03-19T19:02:58.462+0000] {logging_mixin.py:188} INFO - [2024-03-19T19:02:58.461+0000] {dag.py:3834} INFO - Setting next_dagrun for data_pipeline2 to 2024-03-19 00:00:00+00:00, run_after=2024-03-20 00:00:00+00:00
[2024-03-19T19:02:58.542+0000] {processor.py:183} INFO - Processing /opt/airflow/dags/scripts/test.py took 5.417 seconds
[2024-03-19T19:03:29.516+0000] {processor.py:161} INFO - Started process (PID=4889) to work on /opt/airflow/dags/scripts/test.py
[2024-03-19T19:03:29.526+0000] {processor.py:830} INFO - Processing file /opt/airflow/dags/scripts/test.py for tasks to queue
[2024-03-19T19:03:29.545+0000] {logging_mixin.py:188} INFO - [2024-03-19T19:03:29.537+0000] {dagbag.py:540} INFO - Filling up the DagBag from /opt/airflow/dags/scripts/test.py
[2024-03-19T19:03:34.687+0000] {logging_mixin.py:188} INFO - [2024-03-19T19:03:34.681+0000] {baseoperator.py:129} WARNING - Implicitly converting 'retries' from False to int
[2024-03-19T19:03:34.711+0000] {logging_mixin.py:188} INFO - [2024-03-19T19:03:34.710+0000] {baseoperator.py:129} WARNING - Implicitly converting 'retries' from False to int
[2024-03-19T19:03:34.725+0000] {processor.py:840} INFO - DAG(s) 'data_pipeline2' retrieved from /opt/airflow/dags/scripts/test.py
[2024-03-19T19:03:34.930+0000] {logging_mixin.py:188} INFO - [2024-03-19T19:03:34.910+0000] {dag.py:3047} INFO - Sync 1 DAGs
[2024-03-19T19:03:35.084+0000] {logging_mixin.py:188} INFO - [2024-03-19T19:03:35.082+0000] {dag.py:3834} INFO - Setting next_dagrun for data_pipeline2 to 2024-03-19 00:00:00+00:00, run_after=2024-03-20 00:00:00+00:00
[2024-03-19T19:03:35.203+0000] {processor.py:183} INFO - Processing /opt/airflow/dags/scripts/test.py took 5.712 seconds
[2024-03-19T19:04:05.401+0000] {processor.py:161} INFO - Started process (PID=5176) to work on /opt/airflow/dags/scripts/test.py
[2024-03-19T19:04:05.403+0000] {processor.py:830} INFO - Processing file /opt/airflow/dags/scripts/test.py for tasks to queue
[2024-03-19T19:04:05.405+0000] {logging_mixin.py:188} INFO - [2024-03-19T19:04:05.405+0000] {dagbag.py:540} INFO - Filling up the DagBag from /opt/airflow/dags/scripts/test.py
[2024-03-19T19:04:50.413+0000] {logging_mixin.py:188} INFO - [2024-03-19T19:04:50.163+0000] {timeout.py:68} ERROR - Process timed out, PID: 5176
[2024-03-19T19:05:20.849+0000] {processor.py:161} INFO - Started process (PID=5683) to work on /opt/airflow/dags/scripts/test.py
[2024-03-19T19:05:20.856+0000] {processor.py:830} INFO - Processing file /opt/airflow/dags/scripts/test.py for tasks to queue
[2024-03-19T19:05:20.862+0000] {logging_mixin.py:188} INFO - [2024-03-19T19:05:20.861+0000] {dagbag.py:540} INFO - Filling up the DagBag from /opt/airflow/dags/scripts/test.py
[2024-03-19T19:05:25.675+0000] {logging_mixin.py:188} INFO - [2024-03-19T19:05:25.668+0000] {baseoperator.py:129} WARNING - Implicitly converting 'retries' from False to int
[2024-03-19T19:05:25.679+0000] {logging_mixin.py:188} INFO - [2024-03-19T19:05:25.679+0000] {baseoperator.py:129} WARNING - Implicitly converting 'retries' from False to int
[2024-03-19T19:05:25.685+0000] {processor.py:840} INFO - DAG(s) 'data_pipeline2' retrieved from /opt/airflow/dags/scripts/test.py
[2024-03-19T19:05:25.734+0000] {logging_mixin.py:188} INFO - [2024-03-19T19:05:25.733+0000] {dag.py:3047} INFO - Sync 1 DAGs
[2024-03-19T19:05:25.764+0000] {logging_mixin.py:188} INFO - [2024-03-19T19:05:25.763+0000] {dag.py:3834} INFO - Setting next_dagrun for data_pipeline2 to 2024-03-19 00:00:00+00:00, run_after=2024-03-20 00:00:00+00:00
[2024-03-19T19:05:25.786+0000] {processor.py:183} INFO - Processing /opt/airflow/dags/scripts/test.py took 4.950 seconds
[2024-03-19T19:05:57.925+0000] {processor.py:161} INFO - Started process (PID=6010) to work on /opt/airflow/dags/scripts/test.py
[2024-03-19T19:05:57.930+0000] {processor.py:830} INFO - Processing file /opt/airflow/dags/scripts/test.py for tasks to queue
[2024-03-19T19:05:57.941+0000] {logging_mixin.py:188} INFO - [2024-03-19T19:05:57.940+0000] {dagbag.py:540} INFO - Filling up the DagBag from /opt/airflow/dags/scripts/test.py
[2024-03-19T19:06:02.411+0000] {logging_mixin.py:188} INFO - [2024-03-19T19:06:02.400+0000] {baseoperator.py:129} WARNING - Implicitly converting 'retries' from False to int
[2024-03-19T19:06:02.423+0000] {logging_mixin.py:188} INFO - [2024-03-19T19:06:02.423+0000] {baseoperator.py:129} WARNING - Implicitly converting 'retries' from False to int
[2024-03-19T19:06:02.434+0000] {processor.py:840} INFO - DAG(s) 'data_pipeline2' retrieved from /opt/airflow/dags/scripts/test.py
[2024-03-19T19:06:02.509+0000] {logging_mixin.py:188} INFO - [2024-03-19T19:06:02.509+0000] {dag.py:3047} INFO - Sync 1 DAGs
[2024-03-19T19:06:02.554+0000] {logging_mixin.py:188} INFO - [2024-03-19T19:06:02.554+0000] {dag.py:3834} INFO - Setting next_dagrun for data_pipeline2 to 2024-03-19 00:00:00+00:00, run_after=2024-03-20 00:00:00+00:00
[2024-03-19T19:06:02.596+0000] {processor.py:183} INFO - Processing /opt/airflow/dags/scripts/test.py took 4.680 seconds
[2024-03-19T19:06:33.616+0000] {processor.py:161} INFO - Started process (PID=6307) to work on /opt/airflow/dags/scripts/test.py
[2024-03-19T19:06:33.625+0000] {processor.py:830} INFO - Processing file /opt/airflow/dags/scripts/test.py for tasks to queue
[2024-03-19T19:06:33.633+0000] {logging_mixin.py:188} INFO - [2024-03-19T19:06:33.632+0000] {dagbag.py:540} INFO - Filling up the DagBag from /opt/airflow/dags/scripts/test.py
[2024-03-19T19:06:37.822+0000] {logging_mixin.py:188} INFO - [2024-03-19T19:06:37.820+0000] {baseoperator.py:129} WARNING - Implicitly converting 'retries' from False to int
[2024-03-19T19:06:37.830+0000] {logging_mixin.py:188} INFO - [2024-03-19T19:06:37.830+0000] {baseoperator.py:129} WARNING - Implicitly converting 'retries' from False to int
[2024-03-19T19:06:37.835+0000] {processor.py:840} INFO - DAG(s) 'data_pipeline2' retrieved from /opt/airflow/dags/scripts/test.py
[2024-03-19T19:06:37.882+0000] {logging_mixin.py:188} INFO - [2024-03-19T19:06:37.881+0000] {dag.py:3047} INFO - Sync 1 DAGs
[2024-03-19T19:06:37.908+0000] {logging_mixin.py:188} INFO - [2024-03-19T19:06:37.908+0000] {dag.py:3834} INFO - Setting next_dagrun for data_pipeline2 to 2024-03-19 00:00:00+00:00, run_after=2024-03-20 00:00:00+00:00
[2024-03-19T19:06:37.925+0000] {processor.py:183} INFO - Processing /opt/airflow/dags/scripts/test.py took 4.334 seconds
[2024-03-19T19:07:08.045+0000] {processor.py:161} INFO - Started process (PID=6606) to work on /opt/airflow/dags/scripts/test.py
[2024-03-19T19:07:08.053+0000] {processor.py:830} INFO - Processing file /opt/airflow/dags/scripts/test.py for tasks to queue
[2024-03-19T19:07:08.063+0000] {logging_mixin.py:188} INFO - [2024-03-19T19:07:08.062+0000] {dagbag.py:540} INFO - Filling up the DagBag from /opt/airflow/dags/scripts/test.py
[2024-03-19T19:07:10.147+0000] {logging_mixin.py:188} INFO - [2024-03-19T19:07:10.134+0000] {baseoperator.py:129} WARNING - Implicitly converting 'retries' from False to int
[2024-03-19T19:07:10.163+0000] {logging_mixin.py:188} INFO - [2024-03-19T19:07:10.162+0000] {baseoperator.py:129} WARNING - Implicitly converting 'retries' from False to int
[2024-03-19T19:07:10.180+0000] {processor.py:840} INFO - DAG(s) 'data_pipeline2' retrieved from /opt/airflow/dags/scripts/test.py
[2024-03-19T19:07:10.237+0000] {logging_mixin.py:188} INFO - [2024-03-19T19:07:10.236+0000] {dag.py:3047} INFO - Sync 1 DAGs
[2024-03-19T19:07:10.287+0000] {logging_mixin.py:188} INFO - [2024-03-19T19:07:10.287+0000] {dag.py:3834} INFO - Setting next_dagrun for data_pipeline2 to 2024-03-19 00:00:00+00:00, run_after=2024-03-20 00:00:00+00:00
[2024-03-19T19:07:10.340+0000] {processor.py:183} INFO - Processing /opt/airflow/dags/scripts/test.py took 2.303 seconds
[2024-03-19T19:07:41.115+0000] {processor.py:161} INFO - Started process (PID=6875) to work on /opt/airflow/dags/scripts/test.py
[2024-03-19T19:07:41.126+0000] {processor.py:830} INFO - Processing file /opt/airflow/dags/scripts/test.py for tasks to queue
[2024-03-19T19:07:41.130+0000] {logging_mixin.py:188} INFO - [2024-03-19T19:07:41.129+0000] {dagbag.py:540} INFO - Filling up the DagBag from /opt/airflow/dags/scripts/test.py
[2024-03-19T19:07:43.829+0000] {logging_mixin.py:188} INFO - [2024-03-19T19:07:43.828+0000] {baseoperator.py:129} WARNING - Implicitly converting 'retries' from False to int
[2024-03-19T19:07:43.836+0000] {logging_mixin.py:188} INFO - [2024-03-19T19:07:43.835+0000] {baseoperator.py:129} WARNING - Implicitly converting 'retries' from False to int
[2024-03-19T19:07:43.848+0000] {processor.py:840} INFO - DAG(s) 'data_pipeline2' retrieved from /opt/airflow/dags/scripts/test.py
[2024-03-19T19:07:43.944+0000] {logging_mixin.py:188} INFO - [2024-03-19T19:07:43.942+0000] {dag.py:3047} INFO - Sync 1 DAGs
[2024-03-19T19:07:43.985+0000] {logging_mixin.py:188} INFO - [2024-03-19T19:07:43.985+0000] {dag.py:3834} INFO - Setting next_dagrun for data_pipeline2 to 2024-03-19 00:00:00+00:00, run_after=2024-03-20 00:00:00+00:00
[2024-03-19T19:07:44.028+0000] {processor.py:183} INFO - Processing /opt/airflow/dags/scripts/test.py took 2.927 seconds
[2024-03-19T19:08:14.471+0000] {processor.py:161} INFO - Started process (PID=7167) to work on /opt/airflow/dags/scripts/test.py
[2024-03-19T19:08:14.479+0000] {processor.py:830} INFO - Processing file /opt/airflow/dags/scripts/test.py for tasks to queue
[2024-03-19T19:08:14.487+0000] {logging_mixin.py:188} INFO - [2024-03-19T19:08:14.485+0000] {dagbag.py:540} INFO - Filling up the DagBag from /opt/airflow/dags/scripts/test.py
[2024-03-19T19:08:16.684+0000] {logging_mixin.py:188} INFO - [2024-03-19T19:08:16.682+0000] {baseoperator.py:129} WARNING - Implicitly converting 'retries' from False to int
[2024-03-19T19:08:16.696+0000] {logging_mixin.py:188} INFO - [2024-03-19T19:08:16.695+0000] {baseoperator.py:129} WARNING - Implicitly converting 'retries' from False to int
[2024-03-19T19:08:16.705+0000] {processor.py:840} INFO - DAG(s) 'data_pipeline2' retrieved from /opt/airflow/dags/scripts/test.py
[2024-03-19T19:08:16.766+0000] {logging_mixin.py:188} INFO - [2024-03-19T19:08:16.765+0000] {dag.py:3047} INFO - Sync 1 DAGs
[2024-03-19T19:08:16.806+0000] {logging_mixin.py:188} INFO - [2024-03-19T19:08:16.806+0000] {dag.py:3834} INFO - Setting next_dagrun for data_pipeline2 to 2024-03-19 00:00:00+00:00, run_after=2024-03-20 00:00:00+00:00
[2024-03-19T19:08:16.860+0000] {processor.py:183} INFO - Processing /opt/airflow/dags/scripts/test.py took 2.395 seconds
[2024-03-19T19:08:48.165+0000] {processor.py:161} INFO - Started process (PID=7454) to work on /opt/airflow/dags/scripts/test.py
[2024-03-19T19:08:48.177+0000] {processor.py:830} INFO - Processing file /opt/airflow/dags/scripts/test.py for tasks to queue
[2024-03-19T19:08:48.184+0000] {logging_mixin.py:188} INFO - [2024-03-19T19:08:48.183+0000] {dagbag.py:540} INFO - Filling up the DagBag from /opt/airflow/dags/scripts/test.py
[2024-03-19T19:08:50.005+0000] {logging_mixin.py:188} INFO - [2024-03-19T19:08:49.995+0000] {baseoperator.py:129} WARNING - Implicitly converting 'retries' from False to int
[2024-03-19T19:08:50.018+0000] {logging_mixin.py:188} INFO - [2024-03-19T19:08:50.018+0000] {baseoperator.py:129} WARNING - Implicitly converting 'retries' from False to int
[2024-03-19T19:08:50.039+0000] {processor.py:840} INFO - DAG(s) 'data_pipeline2' retrieved from /opt/airflow/dags/scripts/test.py
[2024-03-19T19:08:50.166+0000] {logging_mixin.py:188} INFO - [2024-03-19T19:08:50.166+0000] {dag.py:3047} INFO - Sync 1 DAGs
[2024-03-19T19:08:50.228+0000] {logging_mixin.py:188} INFO - [2024-03-19T19:08:50.227+0000] {dag.py:3834} INFO - Setting next_dagrun for data_pipeline2 to 2024-03-19 00:00:00+00:00, run_after=2024-03-20 00:00:00+00:00
[2024-03-19T19:08:50.284+0000] {processor.py:183} INFO - Processing /opt/airflow/dags/scripts/test.py took 2.136 seconds
[2024-03-19T19:09:20.595+0000] {processor.py:161} INFO - Started process (PID=7733) to work on /opt/airflow/dags/scripts/test.py
[2024-03-19T19:09:20.597+0000] {processor.py:830} INFO - Processing file /opt/airflow/dags/scripts/test.py for tasks to queue
[2024-03-19T19:09:20.599+0000] {logging_mixin.py:188} INFO - [2024-03-19T19:09:20.599+0000] {dagbag.py:540} INFO - Filling up the DagBag from /opt/airflow/dags/scripts/test.py
[2024-03-19T19:09:21.924+0000] {logging_mixin.py:188} INFO - [2024-03-19T19:09:21.924+0000] {baseoperator.py:129} WARNING - Implicitly converting 'retries' from False to int
[2024-03-19T19:09:21.928+0000] {logging_mixin.py:188} INFO - [2024-03-19T19:09:21.927+0000] {baseoperator.py:129} WARNING - Implicitly converting 'retries' from False to int
[2024-03-19T19:09:21.930+0000] {processor.py:840} INFO - DAG(s) 'data_pipeline2' retrieved from /opt/airflow/dags/scripts/test.py
[2024-03-19T19:09:21.959+0000] {logging_mixin.py:188} INFO - [2024-03-19T19:09:21.958+0000] {dag.py:3047} INFO - Sync 1 DAGs
[2024-03-19T19:09:21.977+0000] {logging_mixin.py:188} INFO - [2024-03-19T19:09:21.977+0000] {dag.py:3834} INFO - Setting next_dagrun for data_pipeline2 to 2024-03-19 00:00:00+00:00, run_after=2024-03-20 00:00:00+00:00
[2024-03-19T19:09:21.991+0000] {processor.py:183} INFO - Processing /opt/airflow/dags/scripts/test.py took 1.400 seconds
[2024-03-19T19:09:52.311+0000] {processor.py:161} INFO - Started process (PID=7997) to work on /opt/airflow/dags/scripts/test.py
[2024-03-19T19:09:52.314+0000] {processor.py:830} INFO - Processing file /opt/airflow/dags/scripts/test.py for tasks to queue
[2024-03-19T19:09:52.318+0000] {logging_mixin.py:188} INFO - [2024-03-19T19:09:52.318+0000] {dagbag.py:540} INFO - Filling up the DagBag from /opt/airflow/dags/scripts/test.py
[2024-03-19T19:09:58.386+0000] {logging_mixin.py:188} INFO - [2024-03-19T19:09:58.366+0000] {baseoperator.py:129} WARNING - Implicitly converting 'retries' from False to int
[2024-03-19T19:09:58.399+0000] {logging_mixin.py:188} INFO - [2024-03-19T19:09:58.399+0000] {baseoperator.py:129} WARNING - Implicitly converting 'retries' from False to int
[2024-03-19T19:09:58.424+0000] {processor.py:840} INFO - DAG(s) 'data_pipeline2' retrieved from /opt/airflow/dags/scripts/test.py
[2024-03-19T19:09:58.577+0000] {logging_mixin.py:188} INFO - [2024-03-19T19:09:58.576+0000] {dag.py:3047} INFO - Sync 1 DAGs
[2024-03-19T19:09:58.680+0000] {logging_mixin.py:188} INFO - [2024-03-19T19:09:58.676+0000] {dag.py:3834} INFO - Setting next_dagrun for data_pipeline2 to 2024-03-19 00:00:00+00:00, run_after=2024-03-20 00:00:00+00:00
[2024-03-19T19:09:58.749+0000] {processor.py:183} INFO - Processing /opt/airflow/dags/scripts/test.py took 6.399 seconds
[2024-03-19T19:10:28.940+0000] {processor.py:161} INFO - Started process (PID=8266) to work on /opt/airflow/dags/scripts/test.py
[2024-03-19T19:10:28.942+0000] {processor.py:830} INFO - Processing file /opt/airflow/dags/scripts/test.py for tasks to queue
[2024-03-19T19:10:28.945+0000] {logging_mixin.py:188} INFO - [2024-03-19T19:10:28.945+0000] {dagbag.py:540} INFO - Filling up the DagBag from /opt/airflow/dags/scripts/test.py
[2024-03-19T19:10:30.400+0000] {logging_mixin.py:188} INFO - [2024-03-19T19:10:30.400+0000] {baseoperator.py:129} WARNING - Implicitly converting 'retries' from False to int
[2024-03-19T19:10:30.402+0000] {logging_mixin.py:188} INFO - [2024-03-19T19:10:30.402+0000] {baseoperator.py:129} WARNING - Implicitly converting 'retries' from False to int
[2024-03-19T19:10:30.406+0000] {processor.py:840} INFO - DAG(s) 'data_pipeline2' retrieved from /opt/airflow/dags/scripts/test.py
[2024-03-19T19:10:30.421+0000] {logging_mixin.py:188} INFO - [2024-03-19T19:10:30.421+0000] {dag.py:3047} INFO - Sync 1 DAGs
[2024-03-19T19:10:30.435+0000] {logging_mixin.py:188} INFO - [2024-03-19T19:10:30.435+0000] {dag.py:3834} INFO - Setting next_dagrun for data_pipeline2 to 2024-03-19 00:00:00+00:00, run_after=2024-03-20 00:00:00+00:00
[2024-03-19T19:10:30.446+0000] {processor.py:183} INFO - Processing /opt/airflow/dags/scripts/test.py took 1.510 seconds
[2024-03-19T19:11:00.654+0000] {processor.py:161} INFO - Started process (PID=8540) to work on /opt/airflow/dags/scripts/test.py
[2024-03-19T19:11:00.658+0000] {processor.py:830} INFO - Processing file /opt/airflow/dags/scripts/test.py for tasks to queue
[2024-03-19T19:11:00.661+0000] {logging_mixin.py:188} INFO - [2024-03-19T19:11:00.660+0000] {dagbag.py:540} INFO - Filling up the DagBag from /opt/airflow/dags/scripts/test.py
[2024-03-19T19:11:02.354+0000] {logging_mixin.py:188} INFO - [2024-03-19T19:11:02.352+0000] {baseoperator.py:129} WARNING - Implicitly converting 'retries' from False to int
[2024-03-19T19:11:02.357+0000] {logging_mixin.py:188} INFO - [2024-03-19T19:11:02.357+0000] {baseoperator.py:129} WARNING - Implicitly converting 'retries' from False to int
[2024-03-19T19:11:02.361+0000] {processor.py:840} INFO - DAG(s) 'data_pipeline2' retrieved from /opt/airflow/dags/scripts/test.py
[2024-03-19T19:11:02.390+0000] {logging_mixin.py:188} INFO - [2024-03-19T19:11:02.390+0000] {dag.py:3047} INFO - Sync 1 DAGs
[2024-03-19T19:11:02.420+0000] {logging_mixin.py:188} INFO - [2024-03-19T19:11:02.420+0000] {dag.py:3834} INFO - Setting next_dagrun for data_pipeline2 to 2024-03-19 00:00:00+00:00, run_after=2024-03-20 00:00:00+00:00
[2024-03-19T19:11:02.435+0000] {processor.py:183} INFO - Processing /opt/airflow/dags/scripts/test.py took 1.787 seconds
[2024-03-19T19:11:32.506+0000] {processor.py:161} INFO - Started process (PID=8819) to work on /opt/airflow/dags/scripts/test.py
[2024-03-19T19:11:32.509+0000] {processor.py:830} INFO - Processing file /opt/airflow/dags/scripts/test.py for tasks to queue
[2024-03-19T19:11:32.511+0000] {logging_mixin.py:188} INFO - [2024-03-19T19:11:32.511+0000] {dagbag.py:540} INFO - Filling up the DagBag from /opt/airflow/dags/scripts/test.py
[2024-03-19T19:11:34.158+0000] {logging_mixin.py:188} INFO - [2024-03-19T19:11:34.157+0000] {baseoperator.py:129} WARNING - Implicitly converting 'retries' from False to int
[2024-03-19T19:11:34.165+0000] {logging_mixin.py:188} INFO - [2024-03-19T19:11:34.165+0000] {baseoperator.py:129} WARNING - Implicitly converting 'retries' from False to int
[2024-03-19T19:11:34.169+0000] {processor.py:840} INFO - DAG(s) 'data_pipeline2' retrieved from /opt/airflow/dags/scripts/test.py
[2024-03-19T19:11:34.199+0000] {logging_mixin.py:188} INFO - [2024-03-19T19:11:34.199+0000] {dag.py:3047} INFO - Sync 1 DAGs
[2024-03-19T19:11:34.221+0000] {logging_mixin.py:188} INFO - [2024-03-19T19:11:34.220+0000] {dag.py:3834} INFO - Setting next_dagrun for data_pipeline2 to 2024-03-19 00:00:00+00:00, run_after=2024-03-20 00:00:00+00:00
[2024-03-19T19:11:34.234+0000] {processor.py:183} INFO - Processing /opt/airflow/dags/scripts/test.py took 1.731 seconds
[2024-03-19T19:12:05.076+0000] {processor.py:161} INFO - Started process (PID=9084) to work on /opt/airflow/dags/scripts/test.py
[2024-03-19T19:12:05.079+0000] {processor.py:830} INFO - Processing file /opt/airflow/dags/scripts/test.py for tasks to queue
[2024-03-19T19:12:05.081+0000] {logging_mixin.py:188} INFO - [2024-03-19T19:12:05.081+0000] {dagbag.py:540} INFO - Filling up the DagBag from /opt/airflow/dags/scripts/test.py
[2024-03-19T19:12:06.577+0000] {logging_mixin.py:188} INFO - [2024-03-19T19:12:06.573+0000] {baseoperator.py:129} WARNING - Implicitly converting 'retries' from False to int
[2024-03-19T19:12:06.585+0000] {logging_mixin.py:188} INFO - [2024-03-19T19:12:06.585+0000] {baseoperator.py:129} WARNING - Implicitly converting 'retries' from False to int
[2024-03-19T19:12:06.594+0000] {processor.py:840} INFO - DAG(s) 'data_pipeline2' retrieved from /opt/airflow/dags/scripts/test.py
[2024-03-19T19:12:06.649+0000] {logging_mixin.py:188} INFO - [2024-03-19T19:12:06.649+0000] {dag.py:3047} INFO - Sync 1 DAGs
[2024-03-19T19:12:06.700+0000] {logging_mixin.py:188} INFO - [2024-03-19T19:12:06.699+0000] {dag.py:3834} INFO - Setting next_dagrun for data_pipeline2 to 2024-03-19 00:00:00+00:00, run_after=2024-03-20 00:00:00+00:00
[2024-03-19T19:12:06.748+0000] {processor.py:183} INFO - Processing /opt/airflow/dags/scripts/test.py took 1.677 seconds
[2024-03-19T19:12:37.669+0000] {processor.py:161} INFO - Started process (PID=9353) to work on /opt/airflow/dags/scripts/test.py
[2024-03-19T19:12:37.672+0000] {processor.py:830} INFO - Processing file /opt/airflow/dags/scripts/test.py for tasks to queue
[2024-03-19T19:12:37.675+0000] {logging_mixin.py:188} INFO - [2024-03-19T19:12:37.674+0000] {dagbag.py:540} INFO - Filling up the DagBag from /opt/airflow/dags/scripts/test.py
[2024-03-19T19:12:39.535+0000] {logging_mixin.py:188} INFO - [2024-03-19T19:12:39.534+0000] {baseoperator.py:129} WARNING - Implicitly converting 'retries' from False to int
[2024-03-19T19:12:39.539+0000] {logging_mixin.py:188} INFO - [2024-03-19T19:12:39.539+0000] {baseoperator.py:129} WARNING - Implicitly converting 'retries' from False to int
[2024-03-19T19:12:39.542+0000] {processor.py:840} INFO - DAG(s) 'data_pipeline2' retrieved from /opt/airflow/dags/scripts/test.py
[2024-03-19T19:12:39.577+0000] {logging_mixin.py:188} INFO - [2024-03-19T19:12:39.577+0000] {dag.py:3047} INFO - Sync 1 DAGs
[2024-03-19T19:12:39.606+0000] {logging_mixin.py:188} INFO - [2024-03-19T19:12:39.606+0000] {dag.py:3834} INFO - Setting next_dagrun for data_pipeline2 to 2024-03-19 00:00:00+00:00, run_after=2024-03-20 00:00:00+00:00
[2024-03-19T19:12:39.624+0000] {processor.py:183} INFO - Processing /opt/airflow/dags/scripts/test.py took 1.961 seconds
[2024-03-19T19:13:09.802+0000] {processor.py:161} INFO - Started process (PID=9637) to work on /opt/airflow/dags/scripts/test.py
[2024-03-19T19:13:09.810+0000] {processor.py:830} INFO - Processing file /opt/airflow/dags/scripts/test.py for tasks to queue
[2024-03-19T19:13:09.817+0000] {logging_mixin.py:188} INFO - [2024-03-19T19:13:09.816+0000] {dagbag.py:540} INFO - Filling up the DagBag from /opt/airflow/dags/scripts/test.py
